[ 2016-05-20T13:42:24+08:00 ] ::1 /zhangtaifeng/mtpak/css/swiper-3.3.0.min.css
INFO: [ app_init ] --START--
INFO: Run Behavior\BuildLiteBehavior [ RunTime:0.000000s ]
INFO: [ app_init ] --END-- [ RunTime:0.000000s ]
ERR: 无法加载模块:Css

[ 2016-05-20T13:42:24+08:00 ] ::1 /zhangtaifeng/mtpak/js/swiper-3.3.0.jquery.min.js
INFO: [ app_init ] --START--
INFO: Run Behavior\BuildLiteBehavior [ RunTime:0.000000s ]
INFO: [ app_init ] --END-- [ RunTime:0.001000s ]
ERR: 无法加载模块:Js

[ 2016-05-20T13:42:24+08:00 ] ::1 /zhangtaifeng/mtpak/js/angular/angular.min.js
INFO: [ app_init ] --START--
INFO: Run Behavior\BuildLiteBehavior [ RunTime:0.000000s ]
INFO: [ app_init ] --END-- [ RunTime:0.001000s ]
ERR: 无法加载模块:Js

[ 2016-05-20T13:42:24+08:00 ] ::1 /zhangtaifeng/mtpak/css/viewport.css
INFO: [ app_init ] --START--
INFO: Run Behavior\BuildLiteBehavior [ RunTime:0.000000s ]
INFO: [ app_init ] --END-- [ RunTime:0.000000s ]
ERR: 无法加载模块:Css

[ 2016-05-20T13:42:24+08:00 ] ::1 /zhangtaifeng/mtpak/js/base.js
INFO: [ app_init ] --START--
INFO: Run Behavior\BuildLiteBehavior [ RunTime:0.000000s ]
INFO: [ app_init ] --END-- [ RunTime:0.000000s ]
ERR: 无法加载模块:Js

[ 2016-05-20T13:42:25+08:00 ] ::1 /zhangtaifeng/mtpak/js/jquery-1.8.3.min.js
INFO: [ app_init ] --START--
INFO: Run Behavior\BuildLiteBehavior [ RunTime:0.000000s ]
INFO: [ app_init ] --END-- [ RunTime:0.000000s ]
ERR: 无法加载模块:Js

[ 2016-05-20T13:42:25+08:00 ] ::1 /zhangtaifeng/mtpak/images/6b54162e4b755f072f4873c16548862ac4ded632.jpg
INFO: [ app_init ] --START--
INFO: Run Behavior\BuildLiteBehavior [ RunTime:0.000000s ]
INFO: [ app_init ] --END-- [ RunTime:0.000000s ]
ERR: 无法加载模块:Images

[ 2016-05-20T13:42:25+08:00 ] ::1 /zhangtaifeng/mtpak/images/03d9d9f6e9eb960ce7f2ad64dcdaf25b25355eff.jpg
INFO: [ app_init ] --START--
INFO: Run Behavior\BuildLiteBehavior [ RunTime:0.000000s ]
INFO: [ app_init ] --END-- [ RunTime:0.000000s ]
ERR: 无法加载模块:Images

[ 2016-05-20T13:42:25+08:00 ] ::1 /zhangtaifeng/mtpak/js/base.js
INFO: [ app_init ] --START--
INFO: Run Behavior\BuildLiteBehavior [ RunTime:0.000000s ]
INFO: [ app_init ] --END-- [ RunTime:0.001000s ]
ERR: 无法加载模块:Js

[ 2016-05-20T13:42:25+08:00 ] ::1 /zhangtaifeng/mtpak/images/logo.png
INFO: [ app_init ] --START--
INFO: Run Behavior\BuildLiteBehavior [ RunTime:0.000000s ]
INFO: [ app_init ] --END-- [ RunTime:0.000000s ]
ERR: 无法加载模块:Images

[ 2016-05-20T13:42:25+08:00 ] ::1 /zhangtaifeng/mtpak/images/banner.jpg
INFO: [ app_init ] --START--
INFO: Run Behavior\BuildLiteBehavior [ RunTime:0.000000s ]
INFO: [ app_init ] --END-- [ RunTime:0.000000s ]
ERR: 无法加载模块:Images

[ 2016-05-20T13:42:25+08:00 ] ::1 /zhangtaifeng/mtpak/js/angular/angular.min.js
INFO: [ app_init ] --START--
INFO: Run Behavior\BuildLiteBehavior [ RunTime:0.000000s ]
INFO: [ app_init ] --END-- [ RunTime:0.000000s ]
ERR: 无法加载模块:Js

[ 2016-05-20T13:42:25+08:00 ] ::1 /zhangtaifeng/mtpak/images/banner.jpg
INFO: [ app_init ] --START--
INFO: Run Behavior\BuildLiteBehavior [ RunTime:0.000000s ]
INFO: [ app_init ] --END-- [ RunTime:0.001000s ]
ERR: 无法加载模块:Images

[ 2016-05-20T13:42:25+08:00 ] ::1 /zhangtaifeng/mtpak/js/swiper-3.3.0.jquery.min.js
INFO: [ app_init ] --START--
INFO: Run Behavior\BuildLiteBehavior [ RunTime:0.000000s ]
INFO: [ app_init ] --END-- [ RunTime:0.000000s ]
ERR: 无法加载模块:Js

[ 2016-05-20T13:42:25+08:00 ] ::1 /zhangtaifeng/mtpak/images/03d9d9f6e9eb960ce7f2ad64dcdaf25b25355eff.jpg
INFO: [ app_init ] --START--
INFO: Run Behavior\BuildLiteBehavior [ RunTime:0.000000s ]
INFO: [ app_init ] --END-- [ RunTime:0.001000s ]
ERR: 无法加载模块:Images

[ 2016-05-20T13:42:25+08:00 ] ::1 /zhangtaifeng/mtpak/images/logo.png
INFO: [ app_init ] --START--
INFO: Run Behavior\BuildLiteBehavior [ RunTime:0.000000s ]
INFO: [ app_init ] --END-- [ RunTime:0.000000s ]
ERR: 无法加载模块:Images

[ 2016-05-20T13:42:25+08:00 ] ::1 /zhangtaifeng/mtpak/images/6b54162e4b755f072f4873c16548862ac4ded632.jpg
INFO: [ app_init ] --START--
INFO: Run Behavior\BuildLiteBehavior [ RunTime:0.000000s ]
INFO: [ app_init ] --END-- [ RunTime:0.000000s ]
ERR: 无法加载模块:Images

[ 2016-05-20T13:42:25+08:00 ] ::1 /zhangtaifeng/mtpak/images/8d65a20ad0b44b41ed922768dda6a84960cdacf4.jpg
INFO: [ app_init ] --START--
INFO: Run Behavior\BuildLiteBehavior [ RunTime:0.000000s ]
INFO: [ app_init ] --END-- [ RunTime:0.000000s ]
ERR: 无法加载模块:Images

[ 2016-05-20T13:42:38+08:00 ] ::1 /zhangtaifeng/mtpak/css/viewport.css
INFO: [ app_init ] --START--
INFO: Run Behavior\BuildLiteBehavior [ RunTime:0.000000s ]
INFO: [ app_init ] --END-- [ RunTime:0.000000s ]
ERR: 无法加载模块:Css

[ 2016-05-20T13:42:38+08:00 ] ::1 /zhangtaifeng/mtpak/js/jquery-1.8.3.min.js
INFO: [ app_init ] --START--
INFO: Run Behavior\BuildLiteBehavior [ RunTime:0.000000s ]
INFO: [ app_init ] --END-- [ RunTime:0.000000s ]
ERR: 无法加载模块:Js

[ 2016-05-20T13:42:38+08:00 ] ::1 /zhangtaifeng/mtpak/js/base.js
INFO: [ app_init ] --START--
INFO: Run Behavior\BuildLiteBehavior [ RunTime:0.000000s ]
INFO: [ app_init ] --END-- [ RunTime:0.000000s ]
ERR: 无法加载模块:Js

[ 2016-05-20T13:42:38+08:00 ] ::1 /zhangtaifeng/mtpak/js/angular/angular.min.js
INFO: [ app_init ] --START--
INFO: Run Behavior\BuildLiteBehavior [ RunTime:0.000000s ]
INFO: [ app_init ] --END-- [ RunTime:0.000000s ]
ERR: 无法加载模块:Js

[ 2016-05-20T13:42:38+08:00 ] ::1 /zhangtaifeng/mtpak/js/swiper-3.3.0.jquery.min.js
INFO: [ app_init ] --START--
INFO: Run Behavior\BuildLiteBehavior [ RunTime:0.000000s ]
INFO: [ app_init ] --END-- [ RunTime:0.001000s ]
ERR: 无法加载模块:Js

[ 2016-05-20T13:42:38+08:00 ] ::1 /zhangtaifeng/mtpak/css/swiper-3.3.0.min.css
INFO: [ app_init ] --START--
INFO: Run Behavior\BuildLiteBehavior [ RunTime:0.000000s ]
INFO: [ app_init ] --END-- [ RunTime:0.001000s ]
ERR: 无法加载模块:Css

[ 2016-05-20T13:42:38+08:00 ] ::1 /zhangtaifeng/mtpak/images/6b54162e4b755f072f4873c16548862ac4ded632.jpg
INFO: [ app_init ] --START--
INFO: Run Behavior\BuildLiteBehavior [ RunTime:0.000000s ]
INFO: [ app_init ] --END-- [ RunTime:0.000000s ]
ERR: 无法加载模块:Images

[ 2016-05-20T13:42:38+08:00 ] ::1 /zhangtaifeng/mtpak/js/base.js
INFO: [ app_init ] --START--
INFO: Run Behavior\BuildLiteBehavior [ RunTime:0.000000s ]
INFO: [ app_init ] --END-- [ RunTime:0.001000s ]
ERR: 无法加载模块:Js

[ 2016-05-20T13:42:38+08:00 ] ::1 /zhangtaifeng/mtpak/images/03d9d9f6e9eb960ce7f2ad64dcdaf25b25355eff.jpg
INFO: [ app_init ] --START--
INFO: Run Behavior\BuildLiteBehavior [ RunTime:0.000000s ]
INFO: [ app_init ] --END-- [ RunTime:0.003000s ]
ERR: 无法加载模块:Images

[ 2016-05-20T13:42:38+08:00 ] ::1 /zhangtaifeng/mtpak/images/8d65a20ad0b44b41ed922768dda6a84960cdacf4.jpg
INFO: [ app_init ] --START--
INFO: Run Behavior\BuildLiteBehavior [ RunTime:0.000000s ]
INFO: [ app_init ] --END-- [ RunTime:0.000000s ]
ERR: 无法加载模块:Images

[ 2016-05-20T13:42:38+08:00 ] ::1 /zhangtaifeng/mtpak/js/angular/angular.min.js
INFO: [ app_init ] --START--
INFO: Run Behavior\BuildLiteBehavior [ RunTime:0.000000s ]
INFO: [ app_init ] --END-- [ RunTime:0.001000s ]
ERR: 无法加载模块:Js

[ 2016-05-20T13:42:38+08:00 ] ::1 /zhangtaifeng/mtpak/images/banner.jpg
INFO: [ app_init ] --START--
INFO: Run Behavior\BuildLiteBehavior [ RunTime:0.000000s ]
INFO: [ app_init ] --END-- [ RunTime:0.000000s ]
ERR: 无法加载模块:Images

[ 2016-05-20T13:42:38+08:00 ] ::1 /zhangtaifeng/mtpak/images/logo.png
INFO: [ app_init ] --START--
INFO: Run Behavior\BuildLiteBehavior [ RunTime:0.000000s ]
INFO: [ app_init ] --END-- [ RunTime:0.001000s ]
ERR: 无法加载模块:Images

[ 2016-05-20T13:42:38+08:00 ] ::1 /zhangtaifeng/mtpak/images/8d65a20ad0b44b41ed922768dda6a84960cdacf4.jpg
INFO: [ app_init ] --START--
INFO: Run Behavior\BuildLiteBehavior [ RunTime:0.000000s ]
INFO: [ app_init ] --END-- [ RunTime:0.000000s ]
ERR: 无法加载模块:Images

[ 2016-05-20T13:42:38+08:00 ] ::1 /zhangtaifeng/mtpak/js/swiper-3.3.0.jquery.min.js
INFO: [ app_init ] --START--
INFO: Run Behavior\BuildLiteBehavior [ RunTime:0.000000s ]
INFO: [ app_init ] --END-- [ RunTime:0.000000s ]
ERR: 无法加载模块:Js

[ 2016-05-20T13:42:38+08:00 ] ::1 /zhangtaifeng/mtpak/images/6b54162e4b755f072f4873c16548862ac4ded632.jpg
INFO: [ app_init ] --START--
INFO: Run Behavior\BuildLiteBehavior [ RunTime:0.000000s ]
INFO: [ app_init ] --END-- [ RunTime:0.000000s ]
ERR: 无法加载模块:Images

[ 2016-05-20T13:42:38+08:00 ] ::1 /zhangtaifeng/mtpak/images/03d9d9f6e9eb960ce7f2ad64dcdaf25b25355eff.jpg
INFO: [ app_init ] --START--
INFO: Run Behavior\BuildLiteBehavior [ RunTime:0.000000s ]
INFO: [ app_init ] --END-- [ RunTime:0.000000s ]
ERR: 无法加载模块:Images

[ 2016-05-20T13:45:00+08:00 ] ::1 /zhangtaifeng/mtpak/public/css/viewport.css
INFO: [ app_init ] --START--
INFO: Run Behavior\BuildLiteBehavior [ RunTime:0.000000s ]
INFO: [ app_init ] --END-- [ RunTime:0.001000s ]
ERR: 无法加载模块:Public

[ 2016-05-20T13:45:00+08:00 ] ::1 /zhangtaifeng/mtpak/public/css/swiper-3.3.0.min.css
INFO: [ app_init ] --START--
INFO: Run Behavior\BuildLiteBehavior [ RunTime:0.000000s ]
INFO: [ app_init ] --END-- [ RunTime:0.000000s ]
ERR: 无法加载模块:Public

[ 2016-05-20T13:45:00+08:00 ] ::1 /zhangtaifeng/mtpak/public/js/jquery-1.8.3.min.js
INFO: [ app_init ] --START--
INFO: Run Behavior\BuildLiteBehavior [ RunTime:0.000000s ]
INFO: [ app_init ] --END-- [ RunTime:0.000000s ]
ERR: 无法加载模块:Public

[ 2016-05-20T13:45:00+08:00 ] ::1 /zhangtaifeng/mtpak/public/js/base.js
INFO: [ app_init ] --START--
INFO: Run Behavior\BuildLiteBehavior [ RunTime:0.000000s ]
INFO: [ app_init ] --END-- [ RunTime:0.001000s ]
ERR: 无法加载模块:Public

[ 2016-05-20T13:45:00+08:00 ] ::1 /zhangtaifeng/mtpak/public/js/angular/angular.min.js
INFO: [ app_init ] --START--
INFO: Run Behavior\BuildLiteBehavior [ RunTime:0.000000s ]
INFO: [ app_init ] --END-- [ RunTime:0.000000s ]
ERR: 无法加载模块:Public

[ 2016-05-20T13:45:00+08:00 ] ::1 /zhangtaifeng/mtpak/public/images/03d9d9f6e9eb960ce7f2ad64dcdaf25b25355eff.jpg
INFO: [ app_init ] --START--
INFO: Run Behavior\BuildLiteBehavior [ RunTime:0.000000s ]
INFO: [ app_init ] --END-- [ RunTime:0.001000s ]
ERR: 无法加载模块:Public

[ 2016-05-20T13:45:00+08:00 ] ::1 /zhangtaifeng/mtpak/public/images/logo.png
INFO: [ app_init ] --START--
INFO: Run Behavior\BuildLiteBehavior [ RunTime:0.000000s ]
INFO: [ app_init ] --END-- [ RunTime:0.001000s ]
ERR: 无法加载模块:Public

[ 2016-05-20T13:45:00+08:00 ] ::1 /zhangtaifeng/mtpak/public/js/swiper-3.3.0.jquery.min.js
INFO: [ app_init ] --START--
INFO: Run Behavior\BuildLiteBehavior [ RunTime:0.000000s ]
INFO: [ app_init ] --END-- [ RunTime:0.000000s ]
ERR: 无法加载模块:Public

[ 2016-05-20T13:45:00+08:00 ] ::1 /zhangtaifeng/mtpak/public/images/banner.jpg
INFO: [ app_init ] --START--
INFO: Run Behavior\BuildLiteBehavior [ RunTime:0.001000s ]
INFO: [ app_init ] --END-- [ RunTime:0.001000s ]
ERR: 无法加载模块:Public

[ 2016-05-20T13:45:00+08:00 ] ::1 /zhangtaifeng/mtpak/public/images/6b54162e4b755f072f4873c16548862ac4ded632.jpg
INFO: [ app_init ] --START--
INFO: Run Behavior\BuildLiteBehavior [ RunTime:0.000000s ]
INFO: [ app_init ] --END-- [ RunTime:0.001000s ]
ERR: 无法加载模块:Public

[ 2016-05-20T13:45:00+08:00 ] ::1 /zhangtaifeng/mtpak/public/images/8d65a20ad0b44b41ed922768dda6a84960cdacf4.jpg
INFO: [ app_init ] --START--
INFO: Run Behavior\BuildLiteBehavior [ RunTime:0.000000s ]
INFO: [ app_init ] --END-- [ RunTime:0.001000s ]
ERR: 无法加载模块:Public

[ 2016-05-20T13:45:00+08:00 ] ::1 /zhangtaifeng/mtpak/public/js/base.js
INFO: [ app_init ] --START--
INFO: Run Behavior\BuildLiteBehavior [ RunTime:0.000000s ]
INFO: [ app_init ] --END-- [ RunTime:0.000000s ]
ERR: 无法加载模块:Public

[ 2016-05-20T13:45:00+08:00 ] ::1 /zhangtaifeng/mtpak/public/js/angular/angular.min.js
INFO: [ app_init ] --START--
INFO: Run Behavior\BuildLiteBehavior [ RunTime:0.000000s ]
INFO: [ app_init ] --END-- [ RunTime:0.001000s ]
ERR: 无法加载模块:Public

[ 2016-05-20T13:45:00+08:00 ] ::1 /zhangtaifeng/mtpak/public/images/03d9d9f6e9eb960ce7f2ad64dcdaf25b25355eff.jpg
INFO: [ app_init ] --START--
INFO: Run Behavior\BuildLiteBehavior [ RunTime:0.000000s ]
INFO: [ app_init ] --END-- [ RunTime:0.000000s ]
ERR: 无法加载模块:Public

[ 2016-05-20T13:45:00+08:00 ] ::1 /zhangtaifeng/mtpak/public/images/logo.png
INFO: [ app_init ] --START--
INFO: Run Behavior\BuildLiteBehavior [ RunTime:0.000000s ]
INFO: [ app_init ] --END-- [ RunTime:0.001000s ]
ERR: 无法加载模块:Public

[ 2016-05-20T13:45:00+08:00 ] ::1 /zhangtaifeng/mtpak/public/js/swiper-3.3.0.jquery.min.js
INFO: [ app_init ] --START--
INFO: Run Behavior\BuildLiteBehavior [ RunTime:0.000000s ]
INFO: [ app_init ] --END-- [ RunTime:0.000000s ]
ERR: 无法加载模块:Public

[ 2016-05-20T13:45:00+08:00 ] ::1 /zhangtaifeng/mtpak/public/images/banner.jpg
INFO: [ app_init ] --START--
INFO: Run Behavior\BuildLiteBehavior [ RunTime:0.000000s ]
INFO: [ app_init ] --END-- [ RunTime:0.000000s ]
ERR: 无法加载模块:Public

[ 2016-05-20T13:45:00+08:00 ] ::1 /zhangtaifeng/mtpak/public/images/6b54162e4b755f072f4873c16548862ac4ded632.jpg
INFO: [ app_init ] --START--
INFO: Run Behavior\BuildLiteBehavior [ RunTime:0.000000s ]
INFO: [ app_init ] --END-- [ RunTime:0.000000s ]
ERR: 无法加载模块:Public

[ 2016-05-20T13:45:00+08:00 ] ::1 /zhangtaifeng/mtpak/public/images/8d65a20ad0b44b41ed922768dda6a84960cdacf4.jpg
INFO: [ app_init ] --START--
INFO: Run Behavior\BuildLiteBehavior [ RunTime:0.000000s ]
INFO: [ app_init ] --END-- [ RunTime:0.000000s ]
ERR: 无法加载模块:Public

[ 2016-05-20T13:45:39+08:00 ] ::1 /zhangtaifeng/mtpak/public/js/angular/angular.min.js.map
INFO: [ app_init ] --START--
INFO: Run Behavior\BuildLiteBehavior [ RunTime:0.000000s ]
INFO: [ app_init ] --END-- [ RunTime:0.000000s ]
ERR: 无法加载模块:Public

[ 2016-05-20T13:45:39+08:00 ] ::1 /zhangtaifeng/mtpak/public/js/maps/swiper.jquery.min.js.map
INFO: [ app_init ] --START--
INFO: Run Behavior\BuildLiteBehavior [ RunTime:0.000000s ]
INFO: [ app_init ] --END-- [ RunTime:0.005000s ]
ERR: 无法加载模块:Public

[ 2016-05-20T14:12:11+08:00 ] ::1 /zhangtaifeng/mtpak/index.html
INFO: [ app_init ] --START--
INFO: Run Behavior\BuildLiteBehavior [ RunTime:0.000000s ]
INFO: [ app_init ] --END-- [ RunTime:0.000000s ]
ERR: 无法加载模块:Index

[ 2016-05-20T14:36:56+08:00 ] ::1 /zhangtaifeng/mtpak/public/js/angular/angular.min.js.map
ERR: 无法加载模块:Public

[ 2016-05-20T14:36:56+08:00 ] ::1 /zhangtaifeng/mtpak/public/js/maps/swiper.jquery.min.js.map
ERR: 无法加载模块:Public

[ 2016-05-20T14:37:30+08:00 ] ::1 /zhangtaifeng/mtpak/public/js/angular/angular.min.js.map
ERR: 无法加载模块:Public

[ 2016-05-20T14:37:30+08:00 ] ::1 /zhangtaifeng/mtpak/public/js/maps/swiper.jquery.min.js.map
ERR: 无法加载模块:Public

[ 2016-05-20T14:37:51+08:00 ] ::1 /zhangtaifeng/mtpak/public/js/angular/angular.min.js.map
ERR: 无法加载模块:Public

[ 2016-05-20T14:37:51+08:00 ] ::1 /zhangtaifeng/mtpak/public/js/maps/swiper.jquery.min.js.map
ERR: 无法加载模块:Public

[ 2016-05-20T14:37:55+08:00 ] ::1 /zhangtaifeng/mtpak/public/js/angular/angular.min.js.map
ERR: 无法加载模块:Public

[ 2016-05-20T14:37:55+08:00 ] ::1 /zhangtaifeng/mtpak/public/js/maps/swiper.jquery.min.js.map
ERR: 无法加载模块:Public

[ 2016-05-20T14:40:20+08:00 ] ::1 /zhangtaifeng/mtpak/public/js/angular/angular.min.js.map
ERR: 无法加载模块:Public

[ 2016-05-20T14:40:20+08:00 ] ::1 /zhangtaifeng/mtpak/public/js/maps/swiper.jquery.min.js.map
ERR: 无法加载模块:Public

[ 2016-05-20T14:42:29+08:00 ] ::1 /zhangtaifeng/mtpak/public/js/angular/angular.min.js.map
ERR: 无法加载模块:Public

[ 2016-05-20T14:42:29+08:00 ] ::1 /zhangtaifeng/mtpak/public/js/maps/swiper.jquery.min.js.map
ERR: 无法加载模块:Public

[ 2016-05-20T14:42:32+08:00 ] ::1 /zhangtaifeng/mtpak/public/js/angular/angular.min.js.map
ERR: 无法加载模块:Public

[ 2016-05-20T14:42:32+08:00 ] ::1 /zhangtaifeng/mtpak/public/js/maps/swiper.jquery.min.js.map
ERR: 无法加载模块:Public

[ 2016-05-20T14:42:33+08:00 ] ::1 /zhangtaifeng/mtpak/public/js/angular/angular.min.js.map
ERR: 无法加载模块:Public

[ 2016-05-20T14:42:33+08:00 ] ::1 /zhangtaifeng/mtpak/public/js/maps/swiper.jquery.min.js.map
ERR: 无法加载模块:Public

