[ 2016-05-26T10:14:17+08:00 ] ::1 /zhangtaifeng/mtpak/public/js/angular/angular.min.js.map
ERR: 无法加载模块:Public

[ 2016-05-26T10:14:17+08:00 ] ::1 /zhangtaifeng/mtpak/public/js/maps/swiper.jquery.min.js.map
ERR: 无法加载模块:Public

[ 2016-05-26T10:14:51+08:00 ] ::1 /zhangtaifeng/mtpak/public/js/angular/angular.min.js.map
ERR: 无法加载模块:Public

[ 2016-05-26T10:14:51+08:00 ] ::1 /zhangtaifeng/mtpak/public/js/maps/swiper.jquery.min.js.map
ERR: 无法加载模块:Public

[ 2016-05-26T10:15:10+08:00 ] ::1 /zhangtaifeng/mtpak/public/js/angular/angular.min.js.map
ERR: 无法加载模块:Public

[ 2016-05-26T10:15:10+08:00 ] ::1 /zhangtaifeng/mtpak/public/js/maps/swiper.jquery.min.js.map
ERR: 无法加载模块:Public

[ 2016-05-26T10:15:24+08:00 ] ::1 /zhangtaifeng/mtpak/public/js/angular/angular.min.js.map
ERR: 无法加载模块:Public

[ 2016-05-26T10:15:24+08:00 ] ::1 /zhangtaifeng/mtpak/public/js/maps/swiper.jquery.min.js.map
ERR: 无法加载模块:Public

[ 2016-05-26T10:15:29+08:00 ] ::1 /zhangtaifeng/mtpak/public/js/angular/angular.min.js.map
ERR: 无法加载模块:Public

[ 2016-05-26T10:15:30+08:00 ] ::1 /zhangtaifeng/mtpak/public/js/maps/swiper.jquery.min.js.map
ERR: 无法加载模块:Public

[ 2016-05-26T10:15:35+08:00 ] ::1 /zhangtaifeng/mtpak/public/js/angular/angular.min.js.map
ERR: 无法加载模块:Public

[ 2016-05-26T10:15:35+08:00 ] ::1 /zhangtaifeng/mtpak/public/js/maps/swiper.jquery.min.js.map
ERR: 无法加载模块:Public

[ 2016-05-26T10:16:01+08:00 ] ::1 /zhangtaifeng/mtpak/public/js/angular/angular.min.js.map
ERR: 无法加载模块:Public

[ 2016-05-26T10:16:01+08:00 ] ::1 /zhangtaifeng/mtpak/public/js/maps/swiper.jquery.min.js.map
ERR: 无法加载模块:Public

[ 2016-05-26T10:17:01+08:00 ] ::1 /zhangtaifeng/mtpak/public/js/angular/angular.min.js.map
ERR: 无法加载模块:Public

[ 2016-05-26T10:17:01+08:00 ] ::1 /zhangtaifeng/mtpak/public/js/maps/swiper.jquery.min.js.map
ERR: 无法加载模块:Public

[ 2016-05-26T10:17:30+08:00 ] ::1 /zhangtaifeng/mtpak/public/js/angular/angular.min.js.map
ERR: 无法加载模块:Public

[ 2016-05-26T10:17:30+08:00 ] ::1 /zhangtaifeng/mtpak/public/js/maps/swiper.jquery.min.js.map
ERR: 无法加载模块:Public

[ 2016-05-26T10:17:42+08:00 ] ::1 /zhangtaifeng/mtpak/public/js/angular/angular.min.js.map
ERR: 无法加载模块:Public

[ 2016-05-26T10:17:43+08:00 ] ::1 /zhangtaifeng/mtpak/public/js/maps/swiper.jquery.min.js.map
ERR: 无法加载模块:Public

[ 2016-05-26T10:17:58+08:00 ] ::1 /zhangtaifeng/mtpak/public/js/angular/angular.min.js.map
ERR: 无法加载模块:Public

[ 2016-05-26T10:17:58+08:00 ] ::1 /zhangtaifeng/mtpak/public/js/maps/swiper.jquery.min.js.map
ERR: 无法加载模块:Public

[ 2016-05-26T10:18:30+08:00 ] ::1 /zhangtaifeng/mtpak/public/js/angular/angular.min.js.map
ERR: 无法加载模块:Public

[ 2016-05-26T10:18:30+08:00 ] ::1 /zhangtaifeng/mtpak/public/js/maps/swiper.jquery.min.js.map
ERR: 无法加载模块:Public

[ 2016-05-26T10:18:37+08:00 ] ::1 /zhangtaifeng/mtpak/public/js/angular/angular.min.js.map
ERR: 无法加载模块:Public

[ 2016-05-26T10:18:37+08:00 ] ::1 /zhangtaifeng/mtpak/public/js/maps/swiper.jquery.min.js.map
ERR: 无法加载模块:Public

[ 2016-05-26T10:18:50+08:00 ] ::1 /zhangtaifeng/mtpak/public/js/angular/angular.min.js.map
ERR: 无法加载模块:Public

[ 2016-05-26T10:18:50+08:00 ] ::1 /zhangtaifeng/mtpak/public/js/maps/swiper.jquery.min.js.map
ERR: 无法加载模块:Public

[ 2016-05-26T10:18:57+08:00 ] ::1 /zhangtaifeng/mtpak/public/js/angular/angular.min.js.map
ERR: 无法加载模块:Public

[ 2016-05-26T10:18:57+08:00 ] ::1 /zhangtaifeng/mtpak/public/js/maps/swiper.jquery.min.js.map
ERR: 无法加载模块:Public

[ 2016-05-26T10:19:02+08:00 ] ::1 /zhangtaifeng/mtpak/public/js/angular/angular.min.js.map
ERR: 无法加载模块:Public

[ 2016-05-26T10:19:02+08:00 ] ::1 /zhangtaifeng/mtpak/public/js/maps/swiper.jquery.min.js.map
ERR: 无法加载模块:Public

[ 2016-05-26T10:19:09+08:00 ] ::1 /zhangtaifeng/mtpak/public/js/angular/angular.min.js.map
ERR: 无法加载模块:Public

[ 2016-05-26T10:19:09+08:00 ] ::1 /zhangtaifeng/mtpak/public/js/maps/swiper.jquery.min.js.map
ERR: 无法加载模块:Public

[ 2016-05-26T10:19:14+08:00 ] ::1 /zhangtaifeng/mtpak/public/js/angular/angular.min.js.map
ERR: 无法加载模块:Public

[ 2016-05-26T10:19:14+08:00 ] ::1 /zhangtaifeng/mtpak/public/js/maps/swiper.jquery.min.js.map
ERR: 无法加载模块:Public

[ 2016-05-26T10:19:57+08:00 ] ::1 /zhangtaifeng/mtpak/public/js/angular/angular.min.js.map
ERR: 无法加载模块:Public

[ 2016-05-26T10:19:57+08:00 ] ::1 /zhangtaifeng/mtpak/public/js/maps/swiper.jquery.min.js.map
ERR: 无法加载模块:Public

[ 2016-05-26T10:20:28+08:00 ] ::1 /zhangtaifeng/mtpak/public/js/angular/angular.min.js.map
ERR: 无法加载模块:Public

[ 2016-05-26T10:20:28+08:00 ] ::1 /zhangtaifeng/mtpak/public/js/maps/swiper.jquery.min.js.map
ERR: 无法加载模块:Public

[ 2016-05-26T10:21:02+08:00 ] ::1 /zhangtaifeng/mtpak/public/js/angular/angular.min.js.map
ERR: 无法加载模块:Public

[ 2016-05-26T10:21:02+08:00 ] ::1 /zhangtaifeng/mtpak/public/js/maps/swiper.jquery.min.js.map
ERR: 无法加载模块:Public

[ 2016-05-26T10:21:18+08:00 ] ::1 /zhangtaifeng/mtpak/public/js/angular/angular.min.js.map
ERR: 无法加载模块:Public

[ 2016-05-26T10:21:18+08:00 ] ::1 /zhangtaifeng/mtpak/public/js/maps/swiper.jquery.min.js.map
ERR: 无法加载模块:Public

[ 2016-05-26T10:21:30+08:00 ] ::1 /zhangtaifeng/mtpak/public/js/angular/angular.min.js.map
ERR: 无法加载模块:Public

[ 2016-05-26T10:21:30+08:00 ] ::1 /zhangtaifeng/mtpak/public/js/maps/swiper.jquery.min.js.map
ERR: 无法加载模块:Public

[ 2016-05-26T10:21:49+08:00 ] ::1 /zhangtaifeng/mtpak/public/js/angular/angular.min.js.map
ERR: 无法加载模块:Public

[ 2016-05-26T10:21:49+08:00 ] ::1 /zhangtaifeng/mtpak/public/js/maps/swiper.jquery.min.js.map
ERR: 无法加载模块:Public

[ 2016-05-26T10:22:35+08:00 ] ::1 /zhangtaifeng/mtpak/public/js/angular/angular.min.js.map
ERR: 无法加载模块:Public

[ 2016-05-26T10:22:35+08:00 ] ::1 /zhangtaifeng/mtpak/public/js/maps/swiper.jquery.min.js.map
ERR: 无法加载模块:Public

[ 2016-05-26T10:26:59+08:00 ] ::1 /zhangtaifeng/mtpak/public/js/angular/angular.min.js.map
ERR: 无法加载模块:Public

[ 2016-05-26T10:26:59+08:00 ] ::1 /zhangtaifeng/mtpak/public/js/maps/swiper.jquery.min.js.map
ERR: 无法加载模块:Public

[ 2016-05-26T10:27:15+08:00 ] ::1 /zhangtaifeng/mtpak/public/js/angular/angular.min.js.map
ERR: 无法加载模块:Public

[ 2016-05-26T10:27:15+08:00 ] ::1 /zhangtaifeng/mtpak/public/js/maps/swiper.jquery.min.js.map
ERR: 无法加载模块:Public

[ 2016-05-26T10:27:18+08:00 ] ::1 /zhangtaifeng/mtpak/public/js/angular/angular.min.js.map
ERR: 无法加载模块:Public

[ 2016-05-26T10:27:18+08:00 ] ::1 /zhangtaifeng/mtpak/public/js/maps/swiper.jquery.min.js.map
ERR: 无法加载模块:Public

[ 2016-05-26T10:29:35+08:00 ] ::1 /zhangtaifeng/mtpak/public/js/angular/angular.min.js.map
ERR: 无法加载模块:Public

[ 2016-05-26T10:29:35+08:00 ] ::1 /zhangtaifeng/mtpak/public/js/maps/swiper.jquery.min.js.map
ERR: 无法加载模块:Public

[ 2016-05-26T10:29:49+08:00 ] ::1 /zhangtaifeng/mtpak/public/js/angular/angular.min.js.map
ERR: 无法加载模块:Public

[ 2016-05-26T10:29:49+08:00 ] ::1 /zhangtaifeng/mtpak/public/js/maps/swiper.jquery.min.js.map
ERR: 无法加载模块:Public

[ 2016-05-26T10:30:54+08:00 ] ::1 /zhangtaifeng/mtpak/public/js/angular/angular.min.js.map
ERR: 无法加载模块:Public

[ 2016-05-26T10:30:54+08:00 ] ::1 /zhangtaifeng/mtpak/public/js/maps/swiper.jquery.min.js.map
ERR: 无法加载模块:Public

[ 2016-05-26T10:31:57+08:00 ] ::1 /zhangtaifeng/mtpak/public/js/angular/angular.min.js.map
ERR: 无法加载模块:Public

[ 2016-05-26T10:31:59+08:00 ] ::1 /zhangtaifeng/mtpak/public/js/maps/swiper.jquery.min.js.map
ERR: 无法加载模块:Public

[ 2016-05-26T10:33:04+08:00 ] ::1 /zhangtaifeng/mtpak/public/js/angular/angular.min.js.map
ERR: 无法加载模块:Public

[ 2016-05-26T10:33:04+08:00 ] ::1 /zhangtaifeng/mtpak/public/js/maps/swiper.jquery.min.js.map
ERR: 无法加载模块:Public

[ 2016-05-26T10:33:21+08:00 ] ::1 /zhangtaifeng/mtpak/public/js/angular/angular.min.js.map
ERR: 无法加载模块:Public

[ 2016-05-26T10:33:21+08:00 ] ::1 /zhangtaifeng/mtpak/public/js/maps/swiper.jquery.min.js.map
ERR: 无法加载模块:Public

[ 2016-05-26T10:33:31+08:00 ] ::1 /zhangtaifeng/mtpak/public/js/angular/angular.min.js.map
ERR: 无法加载模块:Public

[ 2016-05-26T10:33:31+08:00 ] ::1 /zhangtaifeng/mtpak/public/js/maps/swiper.jquery.min.js.map
ERR: 无法加载模块:Public

[ 2016-05-26T10:35:49+08:00 ] ::1 /zhangtaifeng/mtpak/public/js/angular/angular.min.js.map
ERR: 无法加载模块:Public

[ 2016-05-26T10:35:49+08:00 ] ::1 /zhangtaifeng/mtpak/public/js/maps/swiper.jquery.min.js.map
ERR: 无法加载模块:Public

[ 2016-05-26T10:36:06+08:00 ] ::1 /zhangtaifeng/mtpak/public/js/angular/angular.min.js.map
ERR: 无法加载模块:Public

[ 2016-05-26T10:36:06+08:00 ] ::1 /zhangtaifeng/mtpak/public/js/maps/swiper.jquery.min.js.map
ERR: 无法加载模块:Public

[ 2016-05-26T10:36:20+08:00 ] ::1 /zhangtaifeng/mtpak/public/js/angular/angular.min.js.map
ERR: 无法加载模块:Public

[ 2016-05-26T10:36:20+08:00 ] ::1 /zhangtaifeng/mtpak/public/js/maps/swiper.jquery.min.js.map
ERR: 无法加载模块:Public

[ 2016-05-26T10:36:22+08:00 ] ::1 /zhangtaifeng/mtpak/public/js/angular/angular.min.js.map
ERR: 无法加载模块:Public

[ 2016-05-26T10:36:22+08:00 ] ::1 /zhangtaifeng/mtpak/public/js/maps/swiper.jquery.min.js.map
ERR: 无法加载模块:Public

[ 2016-05-26T10:36:23+08:00 ] ::1 /zhangtaifeng/mtpak/public/js/angular/angular.min.js.map
ERR: 无法加载模块:Public

[ 2016-05-26T10:36:23+08:00 ] ::1 /zhangtaifeng/mtpak/public/js/maps/swiper.jquery.min.js.map
ERR: 无法加载模块:Public

[ 2016-05-26T10:36:42+08:00 ] ::1 /zhangtaifeng/mtpak/public/js/angular/angular.min.js.map
ERR: 无法加载模块:Public

[ 2016-05-26T10:36:42+08:00 ] ::1 /zhangtaifeng/mtpak/public/js/maps/swiper.jquery.min.js.map
ERR: 无法加载模块:Public

[ 2016-05-26T10:36:43+08:00 ] ::1 /zhangtaifeng/mtpak/public/js/maps/swiper.jquery.min.js.map
ERR: 无法加载模块:Public

[ 2016-05-26T10:36:43+08:00 ] ::1 /zhangtaifeng/mtpak/public/js/angular/angular.min.js.map
ERR: 无法加载模块:Public

[ 2016-05-26T10:37:12+08:00 ] ::1 /zhangtaifeng/mtpak/public/js/angular/angular.min.js.map
ERR: 无法加载模块:Public

[ 2016-05-26T10:37:12+08:00 ] ::1 /zhangtaifeng/mtpak/public/js/maps/swiper.jquery.min.js.map
ERR: 无法加载模块:Public

[ 2016-05-26T10:39:02+08:00 ] ::1 /zhangtaifeng/mtpak/public/js/angular/angular.min.js.map
ERR: 无法加载模块:Public

[ 2016-05-26T10:39:02+08:00 ] ::1 /zhangtaifeng/mtpak/public/js/maps/swiper.jquery.min.js.map
ERR: 无法加载模块:Public

[ 2016-05-26T10:40:34+08:00 ] ::1 /zhangtaifeng/mtpak/public/js/angular/angular.min.js.map
ERR: 无法加载模块:Public

[ 2016-05-26T10:40:34+08:00 ] ::1 /zhangtaifeng/mtpak/public/js/maps/swiper.jquery.min.js.map
ERR: 无法加载模块:Public

[ 2016-05-26T10:42:00+08:00 ] ::1 /zhangtaifeng/mtpak/public/js/angular/angular.min.js.map
ERR: 无法加载模块:Public

[ 2016-05-26T10:42:00+08:00 ] ::1 /zhangtaifeng/mtpak/public/js/maps/swiper.jquery.min.js.map
ERR: 无法加载模块:Public

[ 2016-05-26T10:42:23+08:00 ] ::1 /zhangtaifeng/mtpak/public/js/angular/angular.min.js.map
ERR: 无法加载模块:Public

[ 2016-05-26T10:42:24+08:00 ] ::1 /zhangtaifeng/mtpak/public/js/maps/swiper.jquery.min.js.map
ERR: 无法加载模块:Public

[ 2016-05-26T10:42:44+08:00 ] ::1 /zhangtaifeng/mtpak/public/js/angular/angular.min.js.map
ERR: 无法加载模块:Public

[ 2016-05-26T10:42:44+08:00 ] ::1 /zhangtaifeng/mtpak/public/js/maps/swiper.jquery.min.js.map
ERR: 无法加载模块:Public

[ 2016-05-26T10:43:38+08:00 ] ::1 /zhangtaifeng/mtpak/public/js/angular/angular.min.js.map
ERR: 无法加载模块:Public

[ 2016-05-26T10:43:38+08:00 ] ::1 /zhangtaifeng/mtpak/public/js/maps/swiper.jquery.min.js.map
ERR: 无法加载模块:Public

[ 2016-05-26T10:44:31+08:00 ] ::1 /zhangtaifeng/mtpak/public/js/angular/angular.min.js.map
ERR: 无法加载模块:Public

[ 2016-05-26T10:44:31+08:00 ] ::1 /zhangtaifeng/mtpak/public/js/maps/swiper.jquery.min.js.map
ERR: 无法加载模块:Public

[ 2016-05-26T10:44:41+08:00 ] ::1 /zhangtaifeng/mtpak/public/js/angular/angular.min.js.map
ERR: 无法加载模块:Public

[ 2016-05-26T10:44:41+08:00 ] ::1 /zhangtaifeng/mtpak/public/js/maps/swiper.jquery.min.js.map
ERR: 无法加载模块:Public

[ 2016-05-26T10:45:02+08:00 ] ::1 /zhangtaifeng/mtpak/public/js/angular/angular.min.js.map
ERR: 无法加载模块:Public

[ 2016-05-26T10:45:02+08:00 ] ::1 /zhangtaifeng/mtpak/public/js/maps/swiper.jquery.min.js.map
ERR: 无法加载模块:Public

[ 2016-05-26T13:46:35+08:00 ] ::1 /zhangtaifeng/mtpak/public/js/angular/angular.min.js.map
ERR: 无法加载模块:Public

[ 2016-05-26T13:46:35+08:00 ] ::1 /zhangtaifeng/mtpak/public/js/maps/swiper.jquery.min.js.map
ERR: 无法加载模块:Public

[ 2016-05-26T13:46:50+08:00 ] ::1 /zhangtaifeng/mtpak/index/index.html
ERR: 无法加载模块:Index

[ 2016-05-26T16:39:57+08:00 ] ::1 /zhangtaifeng/mtpak/public/js/angular/angular.min.js.map
ERR: 无法加载模块:Public

[ 2016-05-26T16:39:57+08:00 ] ::1 /zhangtaifeng/mtpak/public/js/maps/swiper.jquery.min.js.map
ERR: 无法加载模块:Public

[ 2016-05-26T16:40:36+08:00 ] ::1 /zhangtaifeng/mtpak/public/js/angular/angular.min.js.map
ERR: 无法加载模块:Public

[ 2016-05-26T16:40:36+08:00 ] ::1 /zhangtaifeng/mtpak/public/js/maps/swiper.jquery.min.js.map
ERR: 无法加载模块:Public

[ 2016-05-26T16:44:05+08:00 ] ::1 /zhangtaifeng/mtpak/public/js/angular/angular.min.js.map
ERR: 无法加载模块:Public

[ 2016-05-26T16:44:05+08:00 ] ::1 /zhangtaifeng/mtpak/public/js/maps/swiper.jquery.min.js.map
ERR: 无法加载模块:Public

[ 2016-05-26T16:47:52+08:00 ] ::1 /zhangtaifeng/mtpak/public/js/angular/angular.min.js.map
ERR: 无法加载模块:Public

[ 2016-05-26T16:47:52+08:00 ] ::1 /zhangtaifeng/mtpak/public/js/maps/swiper.jquery.min.js.map
ERR: 无法加载模块:Public

[ 2016-05-26T16:48:14+08:00 ] ::1 /zhangtaifeng/mtpak/public/js/angular/angular.min.js.map
ERR: 无法加载模块:Public

[ 2016-05-26T16:48:14+08:00 ] ::1 /zhangtaifeng/mtpak/public/js/maps/swiper.jquery.min.js.map
ERR: 无法加载模块:Public

[ 2016-05-26T16:50:26+08:00 ] ::1 /zhangtaifeng/mtpak/public/js/angular/angular.min.js.map
ERR: 无法加载模块:Public

[ 2016-05-26T16:50:26+08:00 ] ::1 /zhangtaifeng/mtpak/public/js/maps/swiper.jquery.min.js.map
ERR: 无法加载模块:Public

[ 2016-05-26T16:50:43+08:00 ] ::1 /zhangtaifeng/mtpak/public/js/angular/angular.min.js.map
ERR: 无法加载模块:Public

[ 2016-05-26T16:50:43+08:00 ] ::1 /zhangtaifeng/mtpak/public/js/maps/swiper.jquery.min.js.map
ERR: 无法加载模块:Public

[ 2016-05-26T16:52:23+08:00 ] ::1 /zhangtaifeng/mtpak/public/js/angular/angular.min.js.map
ERR: 无法加载模块:Public

[ 2016-05-26T16:52:23+08:00 ] ::1 /zhangtaifeng/mtpak/public/js/maps/swiper.jquery.min.js.map
ERR: 无法加载模块:Public

[ 2016-05-26T16:53:13+08:00 ] ::1 /zhangtaifeng/mtpak/public/js/angular/angular.min.js.map
ERR: 无法加载模块:Public

[ 2016-05-26T16:53:13+08:00 ] ::1 /zhangtaifeng/mtpak/public/js/maps/swiper.jquery.min.js.map
ERR: 无法加载模块:Public

[ 2016-05-26T16:53:33+08:00 ] ::1 /zhangtaifeng/mtpak/public/js/angular/angular.min.js.map
ERR: 无法加载模块:Public

[ 2016-05-26T16:53:33+08:00 ] ::1 /zhangtaifeng/mtpak/public/js/maps/swiper.jquery.min.js.map
ERR: 无法加载模块:Public

[ 2016-05-26T16:56:45+08:00 ] ::1 /zhangtaifeng/mtpak/public/js/angular/angular.min.js.map
ERR: 无法加载模块:Public

[ 2016-05-26T16:56:45+08:00 ] ::1 /zhangtaifeng/mtpak/public/js/maps/swiper.jquery.min.js.map
ERR: 无法加载模块:Public

[ 2016-05-26T16:57:06+08:00 ] ::1 /zhangtaifeng/mtpak/public/js/angular/angular.min.js.map
ERR: 无法加载模块:Public

[ 2016-05-26T16:57:06+08:00 ] ::1 /zhangtaifeng/mtpak/public/js/maps/swiper.jquery.min.js.map
ERR: 无法加载模块:Public

[ 2016-05-26T17:01:21+08:00 ] ::1 /zhangtaifeng/mtpak/public/js/angular/angular.min.js.map
ERR: 无法加载模块:Public

[ 2016-05-26T17:01:21+08:00 ] ::1 /zhangtaifeng/mtpak/public/js/maps/swiper.jquery.min.js.map
ERR: 无法加载模块:Public

[ 2016-05-26T17:02:42+08:00 ] ::1 /zhangtaifeng/mtpak/public/js/angular/angular.min.js.map
ERR: 无法加载模块:Public

[ 2016-05-26T17:02:42+08:00 ] ::1 /zhangtaifeng/mtpak/public/js/maps/swiper.jquery.min.js.map
ERR: 无法加载模块:Public

[ 2016-05-26T17:02:46+08:00 ] ::1 /zhangtaifeng/mtpak/public/js/angular/angular.min.js.map
ERR: 无法加载模块:Public

[ 2016-05-26T17:02:46+08:00 ] ::1 /zhangtaifeng/mtpak/public/js/maps/swiper.jquery.min.js.map
ERR: 无法加载模块:Public

[ 2016-05-26T17:05:18+08:00 ] ::1 /zhangtaifeng/mtpak/public/js/angular/angular.min.js.map
ERR: 无法加载模块:Public

[ 2016-05-26T17:05:18+08:00 ] ::1 /zhangtaifeng/mtpak/public/js/maps/swiper.jquery.min.js.map
ERR: 无法加载模块:Public

[ 2016-05-26T17:05:36+08:00 ] ::1 /zhangtaifeng/mtpak/public/js/maps/swiper.jquery.min.js.map
ERR: 无法加载模块:Public

[ 2016-05-26T17:05:45+08:00 ] ::1 /zhangtaifeng/mtpak/public/js/maps/swiper.jquery.min.js.map
ERR: 无法加载模块:Public

[ 2016-05-26T17:05:45+08:00 ] ::1 /zhangtaifeng/mtpak/public/js/angular/angular.min.js.map
ERR: 无法加载模块:Public

[ 2016-05-26T17:07:54+08:00 ] ::1 /zhangtaifeng/mtpak/public/js/maps/swiper.jquery.min.js.map
ERR: 无法加载模块:Public

[ 2016-05-26T17:07:54+08:00 ] ::1 /zhangtaifeng/mtpak/public/js/angular/angular.min.js.map
ERR: 无法加载模块:Public

[ 2016-05-26T17:08:00+08:00 ] ::1 /zhangtaifeng/mtpak/public/js/angular/angular.min.js.map
ERR: 无法加载模块:Public

[ 2016-05-26T17:08:00+08:00 ] ::1 /zhangtaifeng/mtpak/public/js/maps/swiper.jquery.min.js.map
ERR: 无法加载模块:Public

[ 2016-05-26T17:08:12+08:00 ] ::1 /zhangtaifeng/mtpak/public/js/maps/swiper.jquery.min.js.map
ERR: 无法加载模块:Public

[ 2016-05-26T17:08:12+08:00 ] ::1 /zhangtaifeng/mtpak/public/js/angular/angular.min.js.map
ERR: 无法加载模块:Public

[ 2016-05-26T17:08:15+08:00 ] ::1 /zhangtaifeng/mtpak/public/js/maps/swiper.jquery.min.js.map
ERR: 无法加载模块:Public

[ 2016-05-26T17:08:15+08:00 ] ::1 /zhangtaifeng/mtpak/public/js/angular/angular.min.js.map
ERR: 无法加载模块:Public

[ 2016-05-26T17:09:03+08:00 ] ::1 /zhangtaifeng/mtpak/public/js/maps/swiper.jquery.min.js.map
ERR: 无法加载模块:Public

[ 2016-05-26T17:09:03+08:00 ] ::1 /zhangtaifeng/mtpak/public/js/angular/angular.min.js.map
ERR: 无法加载模块:Public

[ 2016-05-26T17:09:12+08:00 ] ::1 /zhangtaifeng/mtpak/public/js/angular/angular.min.js.map
ERR: 无法加载模块:Public

[ 2016-05-26T17:09:12+08:00 ] ::1 /zhangtaifeng/mtpak/public/js/maps/swiper.jquery.min.js.map
ERR: 无法加载模块:Public

[ 2016-05-26T17:10:22+08:00 ] ::1 /zhangtaifeng/mtpak/public/js/angular/angular.min.js.map
ERR: 无法加载模块:Public

[ 2016-05-26T17:10:22+08:00 ] ::1 /zhangtaifeng/mtpak/public/js/maps/swiper.jquery.min.js.map
ERR: 无法加载模块:Public

[ 2016-05-26T17:10:23+08:00 ] ::1 /zhangtaifeng/mtpak/public/js/angular/angular.min.js.map
ERR: 无法加载模块:Public

[ 2016-05-26T17:10:23+08:00 ] ::1 /zhangtaifeng/mtpak/public/js/maps/swiper.jquery.min.js.map
ERR: 无法加载模块:Public

[ 2016-05-26T17:11:18+08:00 ] ::1 /zhangtaifeng/mtpak/public/js/angular/angular.min.js.map
ERR: 无法加载模块:Public

[ 2016-05-26T17:11:18+08:00 ] ::1 /zhangtaifeng/mtpak/public/js/maps/swiper.jquery.min.js.map
ERR: 无法加载模块:Public

[ 2016-05-26T17:11:41+08:00 ] ::1 /zhangtaifeng/mtpak/public/js/angular/angular.min.js.map
ERR: 无法加载模块:Public

[ 2016-05-26T17:11:41+08:00 ] ::1 /zhangtaifeng/mtpak/public/js/maps/swiper.jquery.min.js.map
ERR: 无法加载模块:Public

[ 2016-05-26T17:11:56+08:00 ] ::1 /zhangtaifeng/mtpak/public/js/angular/angular.min.js.map
ERR: 无法加载模块:Public

[ 2016-05-26T17:11:56+08:00 ] ::1 /zhangtaifeng/mtpak/public/js/maps/swiper.jquery.min.js.map
ERR: 无法加载模块:Public

[ 2016-05-26T17:12:56+08:00 ] ::1 /zhangtaifeng/mtpak/public/images//loadimg/fe36f673982e7925a94aeb9d2d9916743ab73002.JPG
ERR: 无法加载模块:Public

[ 2016-05-26T17:12:56+08:00 ] ::1 /zhangtaifeng/mtpak/public/js/angular/angular.min.js.map
ERR: 无法加载模块:Public

[ 2016-05-26T17:12:56+08:00 ] ::1 /zhangtaifeng/mtpak/public/images//loadimg/fe36f673982e7925a94aeb9d2d9916743ab73002.JPG
ERR: 无法加载模块:Public

[ 2016-05-26T17:12:56+08:00 ] ::1 /zhangtaifeng/mtpak/public/js/maps/swiper.jquery.min.js.map
ERR: 无法加载模块:Public

[ 2016-05-26T17:16:55+08:00 ] ::1 /zhangtaifeng/mtpak/public/images//loadimg/fe36f673982e7925a94aeb9d2d9916743ab73002.JPG
ERR: 无法加载模块:Public

[ 2016-05-26T17:16:55+08:00 ] ::1 /zhangtaifeng/mtpak/public/js/angular/angular.min.js.map
ERR: 无法加载模块:Public

[ 2016-05-26T17:16:55+08:00 ] ::1 /zhangtaifeng/mtpak/public/images//loadimg/fe36f673982e7925a94aeb9d2d9916743ab73002.JPG
ERR: 无法加载模块:Public

[ 2016-05-26T17:16:55+08:00 ] ::1 /zhangtaifeng/mtpak/public/js/maps/swiper.jquery.min.js.map
ERR: 无法加载模块:Public

[ 2016-05-26T17:17:52+08:00 ] ::1 /zhangtaifeng/mtpak/public/images//loadimg/fe36f673982e7925a94aeb9d2d9916743ab73002.JPG
ERR: 无法加载模块:Public

[ 2016-05-26T17:17:52+08:00 ] ::1 /zhangtaifeng/mtpak/public/js/angular/angular.min.js.map
ERR: 无法加载模块:Public

[ 2016-05-26T17:17:52+08:00 ] ::1 /zhangtaifeng/mtpak/public/images//loadimg/fe36f673982e7925a94aeb9d2d9916743ab73002.JPG
ERR: 无法加载模块:Public

[ 2016-05-26T17:17:52+08:00 ] ::1 /zhangtaifeng/mtpak/public/js/maps/swiper.jquery.min.js.map
ERR: 无法加载模块:Public

[ 2016-05-26T17:20:16+08:00 ] ::1 /zhangtaifeng/mtpak/public/images//loadimg/fe36f673982e7925a94aeb9d2d9916743ab73002.JPG
ERR: 无法加载模块:Public

[ 2016-05-26T17:20:26+08:00 ] ::1 /zhangtaifeng/mtpak/public/images//loadimg/fe36f673982e7925a94aeb9d2d9916743ab73002.JPG
ERR: 无法加载模块:Public

[ 2016-05-26T17:20:27+08:00 ] ::1 /zhangtaifeng/mtpak/public/images//loadimg/fe36f673982e7925a94aeb9d2d9916743ab73002.JPG
ERR: 无法加载模块:Public

[ 2016-05-26T17:23:50+08:00 ] ::1 /zhangtaifeng/mtpak/public/images//loadimg/fe36f673982e7925a94aeb9d2d9916743ab73002.JPG
ERR: 无法加载模块:Public

[ 2016-05-26T17:23:50+08:00 ] ::1 /zhangtaifeng/mtpak/public/images//loadimg/fe36f673982e7925a94aeb9d2d9916743ab73002.JPG
ERR: 无法加载模块:Public

[ 2016-05-26T17:26:11+08:00 ] ::1 /zhangtaifeng/mtpak/public/images//loadimg/fe36f673982e7925a94aeb9d2d9916743ab73002.JPG
ERR: 无法加载模块:Public

[ 2016-05-26T17:26:11+08:00 ] ::1 /zhangtaifeng/mtpak/public/js/angular/angular.min.js.map
ERR: 无法加载模块:Public

[ 2016-05-26T17:26:11+08:00 ] ::1 /zhangtaifeng/mtpak/public/images//loadimg/fe36f673982e7925a94aeb9d2d9916743ab73002.JPG
ERR: 无法加载模块:Public

[ 2016-05-26T17:26:11+08:00 ] ::1 /zhangtaifeng/mtpak/public/js/maps/swiper.jquery.min.js.map
ERR: 无法加载模块:Public

[ 2016-05-26T17:26:28+08:00 ] ::1 /zhangtaifeng/mtpak/public/images//loadimg/fe36f673982e7925a94aeb9d2d9916743ab73002.JPG
ERR: 无法加载模块:Public

[ 2016-05-26T17:26:29+08:00 ] ::1 /zhangtaifeng/mtpak/public/js/angular/angular.min.js.map
ERR: 无法加载模块:Public

[ 2016-05-26T17:26:29+08:00 ] ::1 /zhangtaifeng/mtpak/public/images//loadimg/fe36f673982e7925a94aeb9d2d9916743ab73002.JPG
ERR: 无法加载模块:Public

[ 2016-05-26T17:26:29+08:00 ] ::1 /zhangtaifeng/mtpak/public/js/maps/swiper.jquery.min.js.map
ERR: 无法加载模块:Public

[ 2016-05-26T17:26:57+08:00 ] ::1 /zhangtaifeng/mtpak/public/images//loadimg/fe36f673982e7925a94aeb9d2d9916743ab73002.JPG
ERR: 无法加载模块:Public

[ 2016-05-26T17:26:58+08:00 ] ::1 /zhangtaifeng/mtpak/public/js/angular/angular.min.js.map
ERR: 无法加载模块:Public

[ 2016-05-26T17:26:58+08:00 ] ::1 /zhangtaifeng/mtpak/public/images//loadimg/fe36f673982e7925a94aeb9d2d9916743ab73002.JPG
ERR: 无法加载模块:Public

[ 2016-05-26T17:26:58+08:00 ] ::1 /zhangtaifeng/mtpak/public/js/maps/swiper.jquery.min.js.map
ERR: 无法加载模块:Public

[ 2016-05-26T17:27:10+08:00 ] ::1 /zhangtaifeng/mtpak/public/images//loadimg/fe36f673982e7925a94aeb9d2d9916743ab73002.JPG
ERR: 无法加载模块:Public

[ 2016-05-26T17:27:10+08:00 ] ::1 /zhangtaifeng/mtpak/public/js/angular/angular.min.js.map
ERR: 无法加载模块:Public

[ 2016-05-26T17:27:10+08:00 ] ::1 /zhangtaifeng/mtpak/public/images//loadimg/fe36f673982e7925a94aeb9d2d9916743ab73002.JPG
ERR: 无法加载模块:Public

[ 2016-05-26T17:27:10+08:00 ] ::1 /zhangtaifeng/mtpak/public/js/maps/swiper.jquery.min.js.map
ERR: 无法加载模块:Public

[ 2016-05-26T17:27:20+08:00 ] ::1 /zhangtaifeng/mtpak/public/images//loadimg/fe36f673982e7925a94aeb9d2d9916743ab73002.JPG
ERR: 无法加载模块:Public

[ 2016-05-26T17:27:20+08:00 ] ::1 /zhangtaifeng/mtpak/public/js/angular/angular.min.js.map
ERR: 无法加载模块:Public

[ 2016-05-26T17:27:20+08:00 ] ::1 /zhangtaifeng/mtpak/public/images//loadimg/fe36f673982e7925a94aeb9d2d9916743ab73002.JPG
ERR: 无法加载模块:Public

[ 2016-05-26T17:27:20+08:00 ] ::1 /zhangtaifeng/mtpak/public/js/maps/swiper.jquery.min.js.map
ERR: 无法加载模块:Public

[ 2016-05-26T17:30:09+08:00 ] ::1 /zhangtaifeng/mtpak/public/images//loadimg/fe36f673982e7925a94aeb9d2d9916743ab73002.JPG
ERR: 无法加载模块:Public

[ 2016-05-26T17:30:09+08:00 ] ::1 /zhangtaifeng/mtpak/public/js/angular/angular.min.js.map
ERR: 无法加载模块:Public

[ 2016-05-26T17:30:09+08:00 ] ::1 /zhangtaifeng/mtpak/public/images//loadimg/fe36f673982e7925a94aeb9d2d9916743ab73002.JPG
ERR: 无法加载模块:Public

[ 2016-05-26T17:30:09+08:00 ] ::1 /zhangtaifeng/mtpak/public/js/maps/swiper.jquery.min.js.map
ERR: 无法加载模块:Public

[ 2016-05-26T17:32:37+08:00 ] ::1 /zhangtaifeng/mtpak/public/images//loadimg/9c551041d80f31065122ef072ac70fc991d9bba4.JPG
ERR: 无法加载模块:Public

[ 2016-05-26T17:32:37+08:00 ] ::1 /zhangtaifeng/mtpak/public/images//loadimg/e36dbf59490b55365f447d3e223e758898ccc1f8.JPG
ERR: 无法加载模块:Public

[ 2016-05-26T17:32:37+08:00 ] ::1 /zhangtaifeng/mtpak/public/images//loadimg/fe36f673982e7925a94aeb9d2d9916743ab73002.JPG
ERR: 无法加载模块:Public

[ 2016-05-26T17:32:37+08:00 ] ::1 /zhangtaifeng/mtpak/public/images//loadimg/6863e26faa72d6ba2f055103a7d8345e96ff5898.JPG
ERR: 无法加载模块:Public

[ 2016-05-26T17:32:37+08:00 ] ::1 /zhangtaifeng/mtpak/public/images//loadimg/d86cec89ed65a1fa475c4ea0868deaafbbf5c148.JPG
ERR: 无法加载模块:Public

[ 2016-05-26T17:32:37+08:00 ] ::1 /zhangtaifeng/mtpak/public/images//loadimg/fe36f673982e7925a94aeb9d2d9916743ab73002.JPG
ERR: 无法加载模块:Public

[ 2016-05-26T17:32:37+08:00 ] ::1 /zhangtaifeng/mtpak/public/images//loadimg/9c551041d80f31065122ef072ac70fc991d9bba4.JPG
ERR: 无法加载模块:Public

[ 2016-05-26T17:32:37+08:00 ] ::1 /zhangtaifeng/mtpak/public/images//loadimg/6863e26faa72d6ba2f055103a7d8345e96ff5898.JPG
ERR: 无法加载模块:Public

[ 2016-05-26T17:32:37+08:00 ] ::1 /zhangtaifeng/mtpak/public/images//loadimg/e36dbf59490b55365f447d3e223e758898ccc1f8.JPG
ERR: 无法加载模块:Public

[ 2016-05-26T17:32:37+08:00 ] ::1 /zhangtaifeng/mtpak/public/images//loadimg/d86cec89ed65a1fa475c4ea0868deaafbbf5c148.JPG
ERR: 无法加载模块:Public

[ 2016-05-26T17:33:35+08:00 ] ::1 /zhangtaifeng/mtpak/public/images//loadimg/fe36f673982e7925a94aeb9d2d9916743ab73002.JPG
ERR: 无法加载模块:Public

[ 2016-05-26T17:33:35+08:00 ] ::1 /zhangtaifeng/mtpak/public/images//loadimg/9c551041d80f31065122ef072ac70fc991d9bba4.JPG
ERR: 无法加载模块:Public

[ 2016-05-26T17:33:35+08:00 ] ::1 /zhangtaifeng/mtpak/public/images//loadimg/d86cec89ed65a1fa475c4ea0868deaafbbf5c148.JPG
ERR: 无法加载模块:Public

[ 2016-05-26T17:33:35+08:00 ] ::1 /zhangtaifeng/mtpak/public/images//loadimg/6863e26faa72d6ba2f055103a7d8345e96ff5898.JPG
ERR: 无法加载模块:Public

[ 2016-05-26T17:33:35+08:00 ] ::1 /zhangtaifeng/mtpak/public/images//loadimg/e36dbf59490b55365f447d3e223e758898ccc1f8.JPG
ERR: 无法加载模块:Public

[ 2016-05-26T17:35:45+08:00 ] ::1 /zhangtaifeng/mtpak/public/images//loadimg/fe36f673982e7925a94aeb9d2d9916743ab73002.JPG
ERR: 无法加载模块:Public

[ 2016-05-26T17:35:45+08:00 ] ::1 /zhangtaifeng/mtpak/public/images//loadimg/9c551041d80f31065122ef072ac70fc991d9bba4.JPG
ERR: 无法加载模块:Public

[ 2016-05-26T17:35:46+08:00 ] ::1 /zhangtaifeng/mtpak/public/images//loadimg/e36dbf59490b55365f447d3e223e758898ccc1f8.JPG
ERR: 无法加载模块:Public

[ 2016-05-26T17:35:46+08:00 ] ::1 /zhangtaifeng/mtpak/public/images//loadimg/6863e26faa72d6ba2f055103a7d8345e96ff5898.JPG
ERR: 无法加载模块:Public

[ 2016-05-26T17:35:46+08:00 ] ::1 /zhangtaifeng/mtpak/public/images//loadimg/d86cec89ed65a1fa475c4ea0868deaafbbf5c148.JPG
ERR: 无法加载模块:Public

[ 2016-05-26T17:35:46+08:00 ] ::1 /zhangtaifeng/mtpak/public/images//loadimg/fe36f673982e7925a94aeb9d2d9916743ab73002.JPG
ERR: 无法加载模块:Public

[ 2016-05-26T17:35:46+08:00 ] ::1 /zhangtaifeng/mtpak/public/images//loadimg/9c551041d80f31065122ef072ac70fc991d9bba4.JPG
ERR: 无法加载模块:Public

[ 2016-05-26T17:35:46+08:00 ] ::1 /zhangtaifeng/mtpak/public/images//loadimg/6863e26faa72d6ba2f055103a7d8345e96ff5898.JPG
ERR: 无法加载模块:Public

[ 2016-05-26T17:35:46+08:00 ] ::1 /zhangtaifeng/mtpak/public/images//loadimg/e36dbf59490b55365f447d3e223e758898ccc1f8.JPG
ERR: 无法加载模块:Public

[ 2016-05-26T17:35:46+08:00 ] ::1 /zhangtaifeng/mtpak/public/images//loadimg/d86cec89ed65a1fa475c4ea0868deaafbbf5c148.JPG
ERR: 无法加载模块:Public

[ 2016-05-26T17:40:09+08:00 ] ::1 /zhangtaifeng/mtpak/public/images//loadimg/fe36f673982e7925a94aeb9d2d9916743ab73002.JPG
ERR: 无法加载模块:Public

[ 2016-05-26T17:40:09+08:00 ] ::1 /zhangtaifeng/mtpak/public/images//loadimg/6863e26faa72d6ba2f055103a7d8345e96ff5898.JPG
ERR: 无法加载模块:Public

[ 2016-05-26T17:40:09+08:00 ] ::1 /zhangtaifeng/mtpak/public/images//loadimg/9c551041d80f31065122ef072ac70fc991d9bba4.JPG
ERR: 无法加载模块:Public

[ 2016-05-26T17:40:09+08:00 ] ::1 /zhangtaifeng/mtpak/public/images//loadimg/d86cec89ed65a1fa475c4ea0868deaafbbf5c148.JPG
ERR: 无法加载模块:Public

[ 2016-05-26T17:40:09+08:00 ] ::1 /zhangtaifeng/mtpak/public/images//loadimg/fe36f673982e7925a94aeb9d2d9916743ab73002.JPG
ERR: 无法加载模块:Public

[ 2016-05-26T17:40:09+08:00 ] ::1 /zhangtaifeng/mtpak/public/images//loadimg/9c551041d80f31065122ef072ac70fc991d9bba4.JPG
ERR: 无法加载模块:Public

[ 2016-05-26T17:40:09+08:00 ] ::1 /zhangtaifeng/mtpak/public/images//loadimg/6863e26faa72d6ba2f055103a7d8345e96ff5898.JPG
ERR: 无法加载模块:Public

[ 2016-05-26T17:40:09+08:00 ] ::1 /zhangtaifeng/mtpak/public/images//loadimg/e36dbf59490b55365f447d3e223e758898ccc1f8.JPG
ERR: 无法加载模块:Public

[ 2016-05-26T17:40:09+08:00 ] ::1 /zhangtaifeng/mtpak/public/images//loadimg/d86cec89ed65a1fa475c4ea0868deaafbbf5c148.JPG
ERR: 无法加载模块:Public

[ 2016-05-26T17:40:23+08:00 ] ::1 /zhangtaifeng/mtpak/public/images//loadimg/e36dbf59490b55365f447d3e223e758898ccc1f8.JPG
ERR: 无法加载模块:Public

[ 2016-05-26T17:40:23+08:00 ] ::1 /zhangtaifeng/mtpak/public/images//loadimg/fe36f673982e7925a94aeb9d2d9916743ab73002.JPG
ERR: 无法加载模块:Public

[ 2016-05-26T17:40:23+08:00 ] ::1 /zhangtaifeng/mtpak/public/images//loadimg/d86cec89ed65a1fa475c4ea0868deaafbbf5c148.JPG
ERR: 无法加载模块:Public

[ 2016-05-26T17:40:23+08:00 ] ::1 /zhangtaifeng/mtpak/public/images//loadimg/9c551041d80f31065122ef072ac70fc991d9bba4.JPG
ERR: 无法加载模块:Public

[ 2016-05-26T17:40:23+08:00 ] ::1 /zhangtaifeng/mtpak/public/images//loadimg/6863e26faa72d6ba2f055103a7d8345e96ff5898.JPG
ERR: 无法加载模块:Public

[ 2016-05-26T17:40:23+08:00 ] ::1 /zhangtaifeng/mtpak/public/images//loadimg/fe36f673982e7925a94aeb9d2d9916743ab73002.JPG
ERR: 无法加载模块:Public

[ 2016-05-26T17:40:23+08:00 ] ::1 /zhangtaifeng/mtpak/public/images//loadimg/e36dbf59490b55365f447d3e223e758898ccc1f8.JPG
ERR: 无法加载模块:Public

[ 2016-05-26T17:40:23+08:00 ] ::1 /zhangtaifeng/mtpak/public/images//loadimg/9c551041d80f31065122ef072ac70fc991d9bba4.JPG
ERR: 无法加载模块:Public

[ 2016-05-26T17:40:23+08:00 ] ::1 /zhangtaifeng/mtpak/public/images//loadimg/d86cec89ed65a1fa475c4ea0868deaafbbf5c148.JPG
ERR: 无法加载模块:Public

[ 2016-05-26T17:40:23+08:00 ] ::1 /zhangtaifeng/mtpak/public/images//loadimg/6863e26faa72d6ba2f055103a7d8345e96ff5898.JPG
ERR: 无法加载模块:Public

[ 2016-05-26T17:40:53+08:00 ] ::1 /zhangtaifeng/mtpak/public/images//loadimg/e36dbf59490b55365f447d3e223e758898ccc1f8.JPG
ERR: 无法加载模块:Public

[ 2016-05-26T17:40:53+08:00 ] ::1 /zhangtaifeng/mtpak/public/images//loadimg/fe36f673982e7925a94aeb9d2d9916743ab73002.JPG
ERR: 无法加载模块:Public

[ 2016-05-26T17:40:53+08:00 ] ::1 /zhangtaifeng/mtpak/public/images//loadimg/6863e26faa72d6ba2f055103a7d8345e96ff5898.JPG
ERR: 无法加载模块:Public

[ 2016-05-26T17:40:53+08:00 ] ::1 /zhangtaifeng/mtpak/public/images//loadimg/9c551041d80f31065122ef072ac70fc991d9bba4.JPG
ERR: 无法加载模块:Public

[ 2016-05-26T17:40:53+08:00 ] ::1 /zhangtaifeng/mtpak/public/images//loadimg/d86cec89ed65a1fa475c4ea0868deaafbbf5c148.JPG
ERR: 无法加载模块:Public

[ 2016-05-26T17:40:53+08:00 ] ::1 /zhangtaifeng/mtpak/public/images//loadimg/fe36f673982e7925a94aeb9d2d9916743ab73002.JPG
ERR: 无法加载模块:Public

[ 2016-05-26T17:40:53+08:00 ] ::1 /zhangtaifeng/mtpak/public/images//loadimg/6863e26faa72d6ba2f055103a7d8345e96ff5898.JPG
ERR: 无法加载模块:Public

[ 2016-05-26T17:40:53+08:00 ] ::1 /zhangtaifeng/mtpak/public/images//loadimg/9c551041d80f31065122ef072ac70fc991d9bba4.JPG
ERR: 无法加载模块:Public

[ 2016-05-26T17:40:53+08:00 ] ::1 /zhangtaifeng/mtpak/public/images//loadimg/d86cec89ed65a1fa475c4ea0868deaafbbf5c148.JPG
ERR: 无法加载模块:Public

[ 2016-05-26T17:40:53+08:00 ] ::1 /zhangtaifeng/mtpak/public/images//loadimg/e36dbf59490b55365f447d3e223e758898ccc1f8.JPG
ERR: 无法加载模块:Public

[ 2016-05-26T17:41:24+08:00 ] ::1 /zhangtaifeng/mtpak/public/images//loadimg/9c551041d80f31065122ef072ac70fc991d9bba4.JPG
ERR: 无法加载模块:Public

[ 2016-05-26T17:41:24+08:00 ] ::1 /zhangtaifeng/mtpak/public/images//loadimg/d86cec89ed65a1fa475c4ea0868deaafbbf5c148.JPG
ERR: 无法加载模块:Public

[ 2016-05-26T17:41:24+08:00 ] ::1 /zhangtaifeng/mtpak/public/images//loadimg/cf9bc661178668616e94cd5cb8de563abbdf16e7.JPG
ERR: 无法加载模块:Public

[ 2016-05-26T17:41:24+08:00 ] ::1 /zhangtaifeng/mtpak/public/images//loadimg/fe36f673982e7925a94aeb9d2d9916743ab73002.JPG
ERR: 无法加载模块:Public

[ 2016-05-26T17:41:24+08:00 ] ::1 /zhangtaifeng/mtpak/public/images//loadimg/6863e26faa72d6ba2f055103a7d8345e96ff5898.JPG
ERR: 无法加载模块:Public

[ 2016-05-26T17:41:24+08:00 ] ::1 /zhangtaifeng/mtpak/public/images//loadimg/e36dbf59490b55365f447d3e223e758898ccc1f8.JPG
ERR: 无法加载模块:Public

[ 2016-05-26T17:41:24+08:00 ] ::1 /zhangtaifeng/mtpak/public/images//loadimg/6a4eb66f8c2f795c8214294e70dfae16a7a7ed11.JPG
ERR: 无法加载模块:Public

[ 2016-05-26T17:41:24+08:00 ] ::1 /zhangtaifeng/mtpak/public/images//loadimg/fe36f673982e7925a94aeb9d2d9916743ab73002.JPG
ERR: 无法加载模块:Public

[ 2016-05-26T17:41:24+08:00 ] ::1 /zhangtaifeng/mtpak/public/images//loadimg/cf9bc661178668616e94cd5cb8de563abbdf16e7.JPG
ERR: 无法加载模块:Public

[ 2016-05-26T17:41:24+08:00 ] ::1 /zhangtaifeng/mtpak/public/images//loadimg/6863e26faa72d6ba2f055103a7d8345e96ff5898.JPG
ERR: 无法加载模块:Public

[ 2016-05-26T17:41:24+08:00 ] ::1 /zhangtaifeng/mtpak/public/images//loadimg/9c551041d80f31065122ef072ac70fc991d9bba4.JPG
ERR: 无法加载模块:Public

[ 2016-05-26T17:41:24+08:00 ] ::1 /zhangtaifeng/mtpak/public/images//loadimg/e36dbf59490b55365f447d3e223e758898ccc1f8.JPG
ERR: 无法加载模块:Public

[ 2016-05-26T17:41:25+08:00 ] ::1 /zhangtaifeng/mtpak/public/images//loadimg/6a4eb66f8c2f795c8214294e70dfae16a7a7ed11.JPG
ERR: 无法加载模块:Public

[ 2016-05-26T17:41:25+08:00 ] ::1 /zhangtaifeng/mtpak/public/images//loadimg/d86cec89ed65a1fa475c4ea0868deaafbbf5c148.JPG
ERR: 无法加载模块:Public

[ 2016-05-26T17:41:53+08:00 ] ::1 /zhangtaifeng/mtpak/public/images//loadimg/6863e26faa72d6ba2f055103a7d8345e96ff5898.JPG
ERR: 无法加载模块:Public

[ 2016-05-26T17:41:53+08:00 ] ::1 /zhangtaifeng/mtpak/public/images//loadimg/fe36f673982e7925a94aeb9d2d9916743ab73002.JPG
ERR: 无法加载模块:Public

[ 2016-05-26T17:41:53+08:00 ] ::1 /zhangtaifeng/mtpak/public/images//loadimg/e36dbf59490b55365f447d3e223e758898ccc1f8.JPG
ERR: 无法加载模块:Public

[ 2016-05-26T17:41:53+08:00 ] ::1 /zhangtaifeng/mtpak/public/images//loadimg/9c551041d80f31065122ef072ac70fc991d9bba4.JPG
ERR: 无法加载模块:Public

[ 2016-05-26T17:41:53+08:00 ] ::1 /zhangtaifeng/mtpak/public/images//loadimg/d86cec89ed65a1fa475c4ea0868deaafbbf5c148.JPG
ERR: 无法加载模块:Public

[ 2016-05-26T17:41:53+08:00 ] ::1 /zhangtaifeng/mtpak/public/images//loadimg/cf9bc661178668616e94cd5cb8de563abbdf16e7.JPG
ERR: 无法加载模块:Public

[ 2016-05-26T17:41:53+08:00 ] ::1 /zhangtaifeng/mtpak/public/images//loadimg/6a4eb66f8c2f795c8214294e70dfae16a7a7ed11.JPG
ERR: 无法加载模块:Public

[ 2016-05-26T17:41:53+08:00 ] ::1 /zhangtaifeng/mtpak/public/images//loadimg/99af5b511394a8181b014b521abd8a348cd8083a.JPG
ERR: 无法加载模块:Public

[ 2016-05-26T17:41:53+08:00 ] ::1 /zhangtaifeng/mtpak/public/images//loadimg/88602800cc33f33c8836b3f38b8be0b82780cb3a.JPG
ERR: 无法加载模块:Public

[ 2016-05-26T17:41:53+08:00 ] ::1 /zhangtaifeng/mtpak/public/images//loadimg/e089a7e7e41c79ed83270bca75c95c2df827c187.JPG
ERR: 无法加载模块:Public

[ 2016-05-26T17:41:53+08:00 ] ::1 /zhangtaifeng/mtpak/public/images//loadimg/7117c16bcdfc4ab9d07ef83a9ab041bb45a7e47a.JPG
ERR: 无法加载模块:Public

[ 2016-05-26T17:41:53+08:00 ] ::1 /zhangtaifeng/mtpak/public/images//loadimg/fe36f673982e7925a94aeb9d2d9916743ab73002.JPG
ERR: 无法加载模块:Public

[ 2016-05-26T17:41:53+08:00 ] ::1 /zhangtaifeng/mtpak/public/images//loadimg/9c551041d80f31065122ef072ac70fc991d9bba4.JPG
ERR: 无法加载模块:Public

[ 2016-05-26T17:41:53+08:00 ] ::1 /zhangtaifeng/mtpak/public/images//loadimg/6863e26faa72d6ba2f055103a7d8345e96ff5898.JPG
ERR: 无法加载模块:Public

[ 2016-05-26T17:41:53+08:00 ] ::1 /zhangtaifeng/mtpak/public/images//loadimg/e36dbf59490b55365f447d3e223e758898ccc1f8.JPG
ERR: 无法加载模块:Public

[ 2016-05-26T17:41:53+08:00 ] ::1 /zhangtaifeng/mtpak/public/images//loadimg/d86cec89ed65a1fa475c4ea0868deaafbbf5c148.JPG
ERR: 无法加载模块:Public

[ 2016-05-26T17:41:53+08:00 ] ::1 /zhangtaifeng/mtpak/public/images//loadimg/e089a7e7e41c79ed83270bca75c95c2df827c187.JPG
ERR: 无法加载模块:Public

[ 2016-05-26T17:41:53+08:00 ] ::1 /zhangtaifeng/mtpak/public/images//loadimg/88602800cc33f33c8836b3f38b8be0b82780cb3a.JPG
ERR: 无法加载模块:Public

[ 2016-05-26T17:41:53+08:00 ] ::1 /zhangtaifeng/mtpak/public/images//loadimg/cf9bc661178668616e94cd5cb8de563abbdf16e7.JPG
ERR: 无法加载模块:Public

[ 2016-05-26T17:41:53+08:00 ] ::1 /zhangtaifeng/mtpak/public/images//loadimg/6a4eb66f8c2f795c8214294e70dfae16a7a7ed11.JPG
ERR: 无法加载模块:Public

[ 2016-05-26T17:41:53+08:00 ] ::1 /zhangtaifeng/mtpak/public/images//loadimg/99af5b511394a8181b014b521abd8a348cd8083a.JPG
ERR: 无法加载模块:Public

[ 2016-05-26T17:41:53+08:00 ] ::1 /zhangtaifeng/mtpak/public/images//loadimg/7117c16bcdfc4ab9d07ef83a9ab041bb45a7e47a.JPG
ERR: 无法加载模块:Public

[ 2016-05-26T17:42:58+08:00 ] ::1 /zhangtaifeng/mtpak/public/images//loadimg/e36dbf59490b55365f447d3e223e758898ccc1f8.JPG
ERR: 无法加载模块:Public

[ 2016-05-26T17:42:58+08:00 ] ::1 /zhangtaifeng/mtpak/public/images//loadimg/fe36f673982e7925a94aeb9d2d9916743ab73002.JPG
ERR: 无法加载模块:Public

[ 2016-05-26T17:42:58+08:00 ] ::1 /zhangtaifeng/mtpak/public/images//loadimg/6863e26faa72d6ba2f055103a7d8345e96ff5898.JPG
ERR: 无法加载模块:Public

[ 2016-05-26T17:42:58+08:00 ] ::1 /zhangtaifeng/mtpak/public/images//loadimg/99af5b511394a8181b014b521abd8a348cd8083a.JPG
ERR: 无法加载模块:Public

[ 2016-05-26T17:42:58+08:00 ] ::1 /zhangtaifeng/mtpak/public/images//loadimg/88602800cc33f33c8836b3f38b8be0b82780cb3a.JPG
ERR: 无法加载模块:Public

[ 2016-05-26T17:42:58+08:00 ] ::1 /zhangtaifeng/mtpak/public/images//loadimg/d86cec89ed65a1fa475c4ea0868deaafbbf5c148.JPG
ERR: 无法加载模块:Public

[ 2016-05-26T17:42:59+08:00 ] ::1 /zhangtaifeng/mtpak/public/images//loadimg/6a4eb66f8c2f795c8214294e70dfae16a7a7ed11.JPG
ERR: 无法加载模块:Public

[ 2016-05-26T17:42:59+08:00 ] ::1 /zhangtaifeng/mtpak/public/images//loadimg/cf9bc661178668616e94cd5cb8de563abbdf16e7.JPG
ERR: 无法加载模块:Public

[ 2016-05-26T17:42:59+08:00 ] ::1 /zhangtaifeng/mtpak/public/images//loadimg/e089a7e7e41c79ed83270bca75c95c2df827c187.JPG
ERR: 无法加载模块:Public

[ 2016-05-26T17:42:59+08:00 ] ::1 /zhangtaifeng/mtpak/public/images//loadimg/7117c16bcdfc4ab9d07ef83a9ab041bb45a7e47a.JPG
ERR: 无法加载模块:Public

[ 2016-05-26T17:42:59+08:00 ] ::1 /zhangtaifeng/mtpak/public/images//loadimg/fe36f673982e7925a94aeb9d2d9916743ab73002.JPG
ERR: 无法加载模块:Public

[ 2016-05-26T17:42:59+08:00 ] ::1 /zhangtaifeng/mtpak/public/images//loadimg/e36dbf59490b55365f447d3e223e758898ccc1f8.JPG
ERR: 无法加载模块:Public

[ 2016-05-26T17:42:59+08:00 ] ::1 /zhangtaifeng/mtpak/public/images//loadimg/cf9bc661178668616e94cd5cb8de563abbdf16e7.JPG
ERR: 无法加载模块:Public

[ 2016-05-26T17:42:59+08:00 ] ::1 /zhangtaifeng/mtpak/public/images//loadimg/6a4eb66f8c2f795c8214294e70dfae16a7a7ed11.JPG
ERR: 无法加载模块:Public

[ 2016-05-26T17:42:59+08:00 ] ::1 /zhangtaifeng/mtpak/public/images//loadimg/6863e26faa72d6ba2f055103a7d8345e96ff5898.JPG
ERR: 无法加载模块:Public

[ 2016-05-26T17:42:59+08:00 ] ::1 /zhangtaifeng/mtpak/public/images//loadimg/d86cec89ed65a1fa475c4ea0868deaafbbf5c148.JPG
ERR: 无法加载模块:Public

[ 2016-05-26T17:42:59+08:00 ] ::1 /zhangtaifeng/mtpak/public/images//loadimg/e089a7e7e41c79ed83270bca75c95c2df827c187.JPG
ERR: 无法加载模块:Public

[ 2016-05-26T17:42:59+08:00 ] ::1 /zhangtaifeng/mtpak/public/images//loadimg/99af5b511394a8181b014b521abd8a348cd8083a.JPG
ERR: 无法加载模块:Public

[ 2016-05-26T17:42:59+08:00 ] ::1 /zhangtaifeng/mtpak/public/images//loadimg/7117c16bcdfc4ab9d07ef83a9ab041bb45a7e47a.JPG
ERR: 无法加载模块:Public

[ 2016-05-26T17:42:59+08:00 ] ::1 /zhangtaifeng/mtpak/public/images//loadimg/88602800cc33f33c8836b3f38b8be0b82780cb3a.JPG
ERR: 无法加载模块:Public

[ 2016-05-26T17:43:44+08:00 ] ::1 /zhangtaifeng/mtpak/public/images//loadimg/fe36f673982e7925a94aeb9d2d9916743ab73002.JPG
ERR: 无法加载模块:Public

[ 2016-05-26T17:43:44+08:00 ] ::1 /zhangtaifeng/mtpak/public/images//loadimg/d86cec89ed65a1fa475c4ea0868deaafbbf5c148.JPG
ERR: 无法加载模块:Public

[ 2016-05-26T17:43:44+08:00 ] ::1 /zhangtaifeng/mtpak/public/images//loadimg/6863e26faa72d6ba2f055103a7d8345e96ff5898.JPG
ERR: 无法加载模块:Public

[ 2016-05-26T17:43:44+08:00 ] ::1 /zhangtaifeng/mtpak/public/images//loadimg/88602800cc33f33c8836b3f38b8be0b82780cb3a.JPG
ERR: 无法加载模块:Public

[ 2016-05-26T17:43:44+08:00 ] ::1 /zhangtaifeng/mtpak/public/images//loadimg/99af5b511394a8181b014b521abd8a348cd8083a.JPG
ERR: 无法加载模块:Public

[ 2016-05-26T17:43:44+08:00 ] ::1 /zhangtaifeng/mtpak/public/images//loadimg/7117c16bcdfc4ab9d07ef83a9ab041bb45a7e47a.JPG
ERR: 无法加载模块:Public

[ 2016-05-26T17:43:44+08:00 ] ::1 /zhangtaifeng/mtpak/public/images//loadimg/e36dbf59490b55365f447d3e223e758898ccc1f8.JPG
ERR: 无法加载模块:Public

[ 2016-05-26T17:43:44+08:00 ] ::1 /zhangtaifeng/mtpak/public/images//loadimg/fe36f673982e7925a94aeb9d2d9916743ab73002.JPG
ERR: 无法加载模块:Public

[ 2016-05-26T17:43:44+08:00 ] ::1 /zhangtaifeng/mtpak/public/images//loadimg/6a4eb66f8c2f795c8214294e70dfae16a7a7ed11.JPG
ERR: 无法加载模块:Public

[ 2016-05-26T17:43:44+08:00 ] ::1 /zhangtaifeng/mtpak/public/images//loadimg/d86cec89ed65a1fa475c4ea0868deaafbbf5c148.JPG
ERR: 无法加载模块:Public

[ 2016-05-26T17:43:44+08:00 ] ::1 /zhangtaifeng/mtpak/public/images//loadimg/6863e26faa72d6ba2f055103a7d8345e96ff5898.JPG
ERR: 无法加载模块:Public

[ 2016-05-26T17:43:44+08:00 ] ::1 /zhangtaifeng/mtpak/public/images//loadimg/7117c16bcdfc4ab9d07ef83a9ab041bb45a7e47a.JPG
ERR: 无法加载模块:Public

[ 2016-05-26T17:43:44+08:00 ] ::1 /zhangtaifeng/mtpak/public/images//loadimg/88602800cc33f33c8836b3f38b8be0b82780cb3a.JPG
ERR: 无法加载模块:Public

[ 2016-05-26T17:43:44+08:00 ] ::1 /zhangtaifeng/mtpak/public/images//loadimg/e089a7e7e41c79ed83270bca75c95c2df827c187.JPG
ERR: 无法加载模块:Public

[ 2016-05-26T17:43:44+08:00 ] ::1 /zhangtaifeng/mtpak/public/images//loadimg/cf9bc661178668616e94cd5cb8de563abbdf16e7.JPG
ERR: 无法加载模块:Public

[ 2016-05-26T17:44:09+08:00 ] ::1 /zhangtaifeng/mtpak/public/images//loadimg/88602800cc33f33c8836b3f38b8be0b82780cb3a.JPG
ERR: 无法加载模块:Public

[ 2016-05-26T17:44:09+08:00 ] ::1 /zhangtaifeng/mtpak/public/images//loadimg/6863e26faa72d6ba2f055103a7d8345e96ff5898.JPG
ERR: 无法加载模块:Public

[ 2016-05-26T17:44:09+08:00 ] ::1 /zhangtaifeng/mtpak/public/images//loadimg/d86cec89ed65a1fa475c4ea0868deaafbbf5c148.JPG
ERR: 无法加载模块:Public

[ 2016-05-26T17:44:09+08:00 ] ::1 /zhangtaifeng/mtpak/public/images//loadimg/6a4eb66f8c2f795c8214294e70dfae16a7a7ed11.JPG
ERR: 无法加载模块:Public

[ 2016-05-26T17:44:09+08:00 ] ::1 /zhangtaifeng/mtpak/public/images//loadimg/e36dbf59490b55365f447d3e223e758898ccc1f8.JPG
ERR: 无法加载模块:Public

[ 2016-05-26T17:44:09+08:00 ] ::1 /zhangtaifeng/mtpak/public/images//loadimg/99af5b511394a8181b014b521abd8a348cd8083a.JPG
ERR: 无法加载模块:Public

[ 2016-05-26T17:44:09+08:00 ] ::1 /zhangtaifeng/mtpak/public/images//loadimg/e089a7e7e41c79ed83270bca75c95c2df827c187.JPG
ERR: 无法加载模块:Public

[ 2016-05-26T17:44:09+08:00 ] ::1 /zhangtaifeng/mtpak/public/images//loadimg/cf9bc661178668616e94cd5cb8de563abbdf16e7.JPG
ERR: 无法加载模块:Public

[ 2016-05-26T17:44:09+08:00 ] ::1 /zhangtaifeng/mtpak/public/images//loadimg/7117c16bcdfc4ab9d07ef83a9ab041bb45a7e47a.JPG
ERR: 无法加载模块:Public

[ 2016-05-26T17:44:09+08:00 ] ::1 /zhangtaifeng/mtpak/public/images//loadimg/fe36f673982e7925a94aeb9d2d9916743ab73002.JPG
ERR: 无法加载模块:Public

[ 2016-05-26T17:44:09+08:00 ] ::1 /zhangtaifeng/mtpak/public/images//loadimg/fe36f673982e7925a94aeb9d2d9916743ab73002.JPG
ERR: 无法加载模块:Public

[ 2016-05-26T17:44:09+08:00 ] ::1 /zhangtaifeng/mtpak/public/images//loadimg/e36dbf59490b55365f447d3e223e758898ccc1f8.JPG
ERR: 无法加载模块:Public

[ 2016-05-26T17:44:09+08:00 ] ::1 /zhangtaifeng/mtpak/public/images//loadimg/d86cec89ed65a1fa475c4ea0868deaafbbf5c148.JPG
ERR: 无法加载模块:Public

[ 2016-05-26T17:44:09+08:00 ] ::1 /zhangtaifeng/mtpak/public/images//loadimg/6863e26faa72d6ba2f055103a7d8345e96ff5898.JPG
ERR: 无法加载模块:Public

[ 2016-05-26T17:44:09+08:00 ] ::1 /zhangtaifeng/mtpak/public/images//loadimg/6a4eb66f8c2f795c8214294e70dfae16a7a7ed11.JPG
ERR: 无法加载模块:Public

[ 2016-05-26T17:44:09+08:00 ] ::1 /zhangtaifeng/mtpak/public/images//loadimg/cf9bc661178668616e94cd5cb8de563abbdf16e7.JPG
ERR: 无法加载模块:Public

[ 2016-05-26T17:44:10+08:00 ] ::1 /zhangtaifeng/mtpak/public/images//loadimg/88602800cc33f33c8836b3f38b8be0b82780cb3a.JPG
ERR: 无法加载模块:Public

[ 2016-05-26T17:44:10+08:00 ] ::1 /zhangtaifeng/mtpak/public/images//loadimg/7117c16bcdfc4ab9d07ef83a9ab041bb45a7e47a.JPG
ERR: 无法加载模块:Public

[ 2016-05-26T17:44:10+08:00 ] ::1 /zhangtaifeng/mtpak/public/images//loadimg/e089a7e7e41c79ed83270bca75c95c2df827c187.JPG
ERR: 无法加载模块:Public

[ 2016-05-26T17:44:57+08:00 ] ::1 /zhangtaifeng/mtpak/public/images//loadimg/fe36f673982e7925a94aeb9d2d9916743ab73002.JPG
ERR: 无法加载模块:Public

[ 2016-05-26T17:44:57+08:00 ] ::1 /zhangtaifeng/mtpak/public/images//loadimg/e36dbf59490b55365f447d3e223e758898ccc1f8.JPG
ERR: 无法加载模块:Public

[ 2016-05-26T17:44:57+08:00 ] ::1 /zhangtaifeng/mtpak/public/images//loadimg/9c551041d80f31065122ef072ac70fc991d9bba4.JPG
ERR: 无法加载模块:Public

[ 2016-05-26T17:44:57+08:00 ] ::1 /zhangtaifeng/mtpak/public/images//loadimg/d86cec89ed65a1fa475c4ea0868deaafbbf5c148.JPG
ERR: 无法加载模块:Public

[ 2016-05-26T17:44:57+08:00 ] ::1 /zhangtaifeng/mtpak/public/images//loadimg/6863e26faa72d6ba2f055103a7d8345e96ff5898.JPG
ERR: 无法加载模块:Public

[ 2016-05-26T17:44:58+08:00 ] ::1 /zhangtaifeng/mtpak/public/images//loadimg/cf9bc661178668616e94cd5cb8de563abbdf16e7.JPG
ERR: 无法加载模块:Public

[ 2016-05-26T17:44:58+08:00 ] ::1 /zhangtaifeng/mtpak/public/images//loadimg/6a4eb66f8c2f795c8214294e70dfae16a7a7ed11.JPG
ERR: 无法加载模块:Public

[ 2016-05-26T17:44:58+08:00 ] ::1 /zhangtaifeng/mtpak/public/images//loadimg/e089a7e7e41c79ed83270bca75c95c2df827c187.JPG
ERR: 无法加载模块:Public

[ 2016-05-26T17:44:58+08:00 ] ::1 /zhangtaifeng/mtpak/public/images//loadimg/88602800cc33f33c8836b3f38b8be0b82780cb3a.JPG
ERR: 无法加载模块:Public

[ 2016-05-26T17:44:58+08:00 ] ::1 /zhangtaifeng/mtpak/public/images//loadimg/99af5b511394a8181b014b521abd8a348cd8083a.JPG
ERR: 无法加载模块:Public

[ 2016-05-26T17:44:58+08:00 ] ::1 /zhangtaifeng/mtpak/public/images//loadimg/7117c16bcdfc4ab9d07ef83a9ab041bb45a7e47a.JPG
ERR: 无法加载模块:Public

[ 2016-05-26T17:44:58+08:00 ] ::1 /zhangtaifeng/mtpak/public/images//loadimg/fe36f673982e7925a94aeb9d2d9916743ab73002.JPG
ERR: 无法加载模块:Public

[ 2016-05-26T17:44:58+08:00 ] ::1 /zhangtaifeng/mtpak/public/images//loadimg/e36dbf59490b55365f447d3e223e758898ccc1f8.JPG
ERR: 无法加载模块:Public

[ 2016-05-26T17:44:58+08:00 ] ::1 /zhangtaifeng/mtpak/public/images//loadimg/d86cec89ed65a1fa475c4ea0868deaafbbf5c148.JPG
ERR: 无法加载模块:Public

[ 2016-05-26T17:44:58+08:00 ] ::1 /zhangtaifeng/mtpak/public/images//loadimg/cf9bc661178668616e94cd5cb8de563abbdf16e7.JPG
ERR: 无法加载模块:Public

[ 2016-05-26T17:44:58+08:00 ] ::1 /zhangtaifeng/mtpak/public/images//loadimg/9c551041d80f31065122ef072ac70fc991d9bba4.JPG
ERR: 无法加载模块:Public

[ 2016-05-26T17:44:58+08:00 ] ::1 /zhangtaifeng/mtpak/public/images//loadimg/6a4eb66f8c2f795c8214294e70dfae16a7a7ed11.JPG
ERR: 无法加载模块:Public

[ 2016-05-26T17:44:58+08:00 ] ::1 /zhangtaifeng/mtpak/public/images//loadimg/88602800cc33f33c8836b3f38b8be0b82780cb3a.JPG
ERR: 无法加载模块:Public

[ 2016-05-26T17:44:58+08:00 ] ::1 /zhangtaifeng/mtpak/public/images//loadimg/99af5b511394a8181b014b521abd8a348cd8083a.JPG
ERR: 无法加载模块:Public

[ 2016-05-26T17:44:58+08:00 ] ::1 /zhangtaifeng/mtpak/public/images//loadimg/6863e26faa72d6ba2f055103a7d8345e96ff5898.JPG
ERR: 无法加载模块:Public

[ 2016-05-26T17:44:58+08:00 ] ::1 /zhangtaifeng/mtpak/public/images//loadimg/e089a7e7e41c79ed83270bca75c95c2df827c187.JPG
ERR: 无法加载模块:Public

[ 2016-05-26T17:44:58+08:00 ] ::1 /zhangtaifeng/mtpak/public/images//loadimg/7117c16bcdfc4ab9d07ef83a9ab041bb45a7e47a.JPG
ERR: 无法加载模块:Public

[ 2016-05-26T17:45:31+08:00 ] ::1 /zhangtaifeng/mtpak/public/images//loadimg/6863e26faa72d6ba2f055103a7d8345e96ff5898.JPG
ERR: 无法加载模块:Public

[ 2016-05-26T17:45:31+08:00 ] ::1 /zhangtaifeng/mtpak/public/images//loadimg/fe36f673982e7925a94aeb9d2d9916743ab73002.JPG
ERR: 无法加载模块:Public

[ 2016-05-26T17:45:31+08:00 ] ::1 /zhangtaifeng/mtpak/public/images//loadimg/e36dbf59490b55365f447d3e223e758898ccc1f8.JPG
ERR: 无法加载模块:Public

[ 2016-05-26T17:45:31+08:00 ] ::1 /zhangtaifeng/mtpak/public/images//loadimg/d86cec89ed65a1fa475c4ea0868deaafbbf5c148.JPG
ERR: 无法加载模块:Public

[ 2016-05-26T17:45:31+08:00 ] ::1 /zhangtaifeng/mtpak/public/images//loadimg/cf9bc661178668616e94cd5cb8de563abbdf16e7.JPG
ERR: 无法加载模块:Public

[ 2016-05-26T17:45:31+08:00 ] ::1 /zhangtaifeng/mtpak/public/images//loadimg/6a4eb66f8c2f795c8214294e70dfae16a7a7ed11.JPG
ERR: 无法加载模块:Public

[ 2016-05-26T17:45:31+08:00 ] ::1 /zhangtaifeng/mtpak/public/images//loadimg/88602800cc33f33c8836b3f38b8be0b82780cb3a.JPG
ERR: 无法加载模块:Public

[ 2016-05-26T17:45:31+08:00 ] ::1 /zhangtaifeng/mtpak/public/images//loadimg/99af5b511394a8181b014b521abd8a348cd8083a.JPG
ERR: 无法加载模块:Public

[ 2016-05-26T17:45:31+08:00 ] ::1 /zhangtaifeng/mtpak/public/images//loadimg/9c551041d80f31065122ef072ac70fc991d9bba4.JPG
ERR: 无法加载模块:Public

[ 2016-05-26T17:45:31+08:00 ] ::1 /zhangtaifeng/mtpak/public/images//loadimg/e089a7e7e41c79ed83270bca75c95c2df827c187.JPG
ERR: 无法加载模块:Public

[ 2016-05-26T17:45:31+08:00 ] ::1 /zhangtaifeng/mtpak/public/images//loadimg/7117c16bcdfc4ab9d07ef83a9ab041bb45a7e47a.JPG
ERR: 无法加载模块:Public

[ 2016-05-26T17:45:32+08:00 ] ::1 /zhangtaifeng/mtpak/public/images//loadimg/fe36f673982e7925a94aeb9d2d9916743ab73002.JPG
ERR: 无法加载模块:Public

[ 2016-05-26T17:45:32+08:00 ] ::1 /zhangtaifeng/mtpak/public/images//loadimg/e36dbf59490b55365f447d3e223e758898ccc1f8.JPG
ERR: 无法加载模块:Public

[ 2016-05-26T17:45:32+08:00 ] ::1 /zhangtaifeng/mtpak/public/images//loadimg/6863e26faa72d6ba2f055103a7d8345e96ff5898.JPG
ERR: 无法加载模块:Public

[ 2016-05-26T17:45:32+08:00 ] ::1 /zhangtaifeng/mtpak/public/images//loadimg/6a4eb66f8c2f795c8214294e70dfae16a7a7ed11.JPG
ERR: 无法加载模块:Public

[ 2016-05-26T17:45:32+08:00 ] ::1 /zhangtaifeng/mtpak/public/images//loadimg/88602800cc33f33c8836b3f38b8be0b82780cb3a.JPG
ERR: 无法加载模块:Public

[ 2016-05-26T17:45:32+08:00 ] ::1 /zhangtaifeng/mtpak/public/images//loadimg/d86cec89ed65a1fa475c4ea0868deaafbbf5c148.JPG
ERR: 无法加载模块:Public

[ 2016-05-26T17:45:32+08:00 ] ::1 /zhangtaifeng/mtpak/public/images//loadimg/9c551041d80f31065122ef072ac70fc991d9bba4.JPG
ERR: 无法加载模块:Public

[ 2016-05-26T17:45:32+08:00 ] ::1 /zhangtaifeng/mtpak/public/images//loadimg/cf9bc661178668616e94cd5cb8de563abbdf16e7.JPG
ERR: 无法加载模块:Public

[ 2016-05-26T17:45:32+08:00 ] ::1 /zhangtaifeng/mtpak/public/images//loadimg/e089a7e7e41c79ed83270bca75c95c2df827c187.JPG
ERR: 无法加载模块:Public

[ 2016-05-26T17:45:32+08:00 ] ::1 /zhangtaifeng/mtpak/public/images//loadimg/99af5b511394a8181b014b521abd8a348cd8083a.JPG
ERR: 无法加载模块:Public

[ 2016-05-26T17:45:32+08:00 ] ::1 /zhangtaifeng/mtpak/public/images//loadimg/7117c16bcdfc4ab9d07ef83a9ab041bb45a7e47a.JPG
ERR: 无法加载模块:Public

[ 2016-05-26T17:45:50+08:00 ] ::1 /zhangtaifeng/mtpak/public/images//loadimg/e36dbf59490b55365f447d3e223e758898ccc1f8.JPG
ERR: 无法加载模块:Public

[ 2016-05-26T17:45:50+08:00 ] ::1 /zhangtaifeng/mtpak/public/images//loadimg/cf9bc661178668616e94cd5cb8de563abbdf16e7.JPG
ERR: 无法加载模块:Public

[ 2016-05-26T17:45:50+08:00 ] ::1 /zhangtaifeng/mtpak/public/images//loadimg/6863e26faa72d6ba2f055103a7d8345e96ff5898.JPG
ERR: 无法加载模块:Public

[ 2016-05-26T17:45:50+08:00 ] ::1 /zhangtaifeng/mtpak/public/images//loadimg/6a4eb66f8c2f795c8214294e70dfae16a7a7ed11.JPG
ERR: 无法加载模块:Public

[ 2016-05-26T17:45:50+08:00 ] ::1 /zhangtaifeng/mtpak/public/images//loadimg/fe36f673982e7925a94aeb9d2d9916743ab73002.JPG
ERR: 无法加载模块:Public

[ 2016-05-26T17:45:50+08:00 ] ::1 /zhangtaifeng/mtpak/public/images//loadimg/d86cec89ed65a1fa475c4ea0868deaafbbf5c148.JPG
ERR: 无法加载模块:Public

[ 2016-05-26T17:45:50+08:00 ] ::1 /zhangtaifeng/mtpak/public/images//loadimg/88602800cc33f33c8836b3f38b8be0b82780cb3a.JPG
ERR: 无法加载模块:Public

[ 2016-05-26T17:45:50+08:00 ] ::1 /zhangtaifeng/mtpak/public/images//loadimg/99af5b511394a8181b014b521abd8a348cd8083a.JPG
ERR: 无法加载模块:Public

[ 2016-05-26T17:45:50+08:00 ] ::1 /zhangtaifeng/mtpak/public/images//loadimg/9c551041d80f31065122ef072ac70fc991d9bba4.JPG
ERR: 无法加载模块:Public

[ 2016-05-26T17:45:50+08:00 ] ::1 /zhangtaifeng/mtpak/public/images//loadimg/e089a7e7e41c79ed83270bca75c95c2df827c187.JPG
ERR: 无法加载模块:Public

[ 2016-05-26T17:45:50+08:00 ] ::1 /zhangtaifeng/mtpak/public/images//loadimg/7117c16bcdfc4ab9d07ef83a9ab041bb45a7e47a.JPG
ERR: 无法加载模块:Public

[ 2016-05-26T17:45:50+08:00 ] ::1 /zhangtaifeng/mtpak/public/images//loadimg/6863e26faa72d6ba2f055103a7d8345e96ff5898.JPG
ERR: 无法加载模块:Public

[ 2016-05-26T17:45:50+08:00 ] ::1 /zhangtaifeng/mtpak/public/images//loadimg/fe36f673982e7925a94aeb9d2d9916743ab73002.JPG
ERR: 无法加载模块:Public

[ 2016-05-26T17:45:50+08:00 ] ::1 /zhangtaifeng/mtpak/public/images//loadimg/9c551041d80f31065122ef072ac70fc991d9bba4.JPG
ERR: 无法加载模块:Public

[ 2016-05-26T17:45:50+08:00 ] ::1 /zhangtaifeng/mtpak/public/images//loadimg/d86cec89ed65a1fa475c4ea0868deaafbbf5c148.JPG
ERR: 无法加载模块:Public

[ 2016-05-26T17:45:50+08:00 ] ::1 /zhangtaifeng/mtpak/public/images//loadimg/88602800cc33f33c8836b3f38b8be0b82780cb3a.JPG
ERR: 无法加载模块:Public

[ 2016-05-26T17:45:50+08:00 ] ::1 /zhangtaifeng/mtpak/public/images//loadimg/e36dbf59490b55365f447d3e223e758898ccc1f8.JPG
ERR: 无法加载模块:Public

[ 2016-05-26T17:45:50+08:00 ] ::1 /zhangtaifeng/mtpak/public/images//loadimg/6a4eb66f8c2f795c8214294e70dfae16a7a7ed11.JPG
ERR: 无法加载模块:Public

[ 2016-05-26T17:45:50+08:00 ] ::1 /zhangtaifeng/mtpak/public/images//loadimg/e089a7e7e41c79ed83270bca75c95c2df827c187.JPG
ERR: 无法加载模块:Public

[ 2016-05-26T17:45:50+08:00 ] ::1 /zhangtaifeng/mtpak/public/images//loadimg/cf9bc661178668616e94cd5cb8de563abbdf16e7.JPG
ERR: 无法加载模块:Public

[ 2016-05-26T17:45:50+08:00 ] ::1 /zhangtaifeng/mtpak/public/images//loadimg/99af5b511394a8181b014b521abd8a348cd8083a.JPG
ERR: 无法加载模块:Public

[ 2016-05-26T17:45:50+08:00 ] ::1 /zhangtaifeng/mtpak/public/images//loadimg/7117c16bcdfc4ab9d07ef83a9ab041bb45a7e47a.JPG
ERR: 无法加载模块:Public

[ 2016-05-26T17:46:26+08:00 ] ::1 /zhangtaifeng/mtpak/public/images//loadimg/fe36f673982e7925a94aeb9d2d9916743ab73002.JPG
ERR: 无法加载模块:Public

[ 2016-05-26T17:46:26+08:00 ] ::1 /zhangtaifeng/mtpak/public/images//loadimg/e36dbf59490b55365f447d3e223e758898ccc1f8.JPG
ERR: 无法加载模块:Public

[ 2016-05-26T17:46:26+08:00 ] ::1 /zhangtaifeng/mtpak/public/images//loadimg/d86cec89ed65a1fa475c4ea0868deaafbbf5c148.JPG
ERR: 无法加载模块:Public

[ 2016-05-26T17:46:26+08:00 ] ::1 /zhangtaifeng/mtpak/public/images//loadimg/6863e26faa72d6ba2f055103a7d8345e96ff5898.JPG
ERR: 无法加载模块:Public

[ 2016-05-26T17:46:26+08:00 ] ::1 /zhangtaifeng/mtpak/public/images//loadimg/cf9bc661178668616e94cd5cb8de563abbdf16e7.JPG
ERR: 无法加载模块:Public

[ 2016-05-26T17:46:26+08:00 ] ::1 /zhangtaifeng/mtpak/public/images//loadimg/6a4eb66f8c2f795c8214294e70dfae16a7a7ed11.JPG
ERR: 无法加载模块:Public

[ 2016-05-26T17:46:26+08:00 ] ::1 /zhangtaifeng/mtpak/public/images//loadimg/9c551041d80f31065122ef072ac70fc991d9bba4.JPG
ERR: 无法加载模块:Public

[ 2016-05-26T17:46:26+08:00 ] ::1 /zhangtaifeng/mtpak/public/images//loadimg/88602800cc33f33c8836b3f38b8be0b82780cb3a.JPG
ERR: 无法加载模块:Public

[ 2016-05-26T17:46:26+08:00 ] ::1 /zhangtaifeng/mtpak/public/images//loadimg/99af5b511394a8181b014b521abd8a348cd8083a.JPG
ERR: 无法加载模块:Public

[ 2016-05-26T17:46:26+08:00 ] ::1 /zhangtaifeng/mtpak/public/images//loadimg/e089a7e7e41c79ed83270bca75c95c2df827c187.JPG
ERR: 无法加载模块:Public

[ 2016-05-26T17:46:26+08:00 ] ::1 /zhangtaifeng/mtpak/public/images//loadimg/7117c16bcdfc4ab9d07ef83a9ab041bb45a7e47a.JPG
ERR: 无法加载模块:Public

[ 2016-05-26T17:46:26+08:00 ] ::1 /zhangtaifeng/mtpak/public/images//loadimg/6863e26faa72d6ba2f055103a7d8345e96ff5898.JPG
ERR: 无法加载模块:Public

[ 2016-05-26T17:46:26+08:00 ] ::1 /zhangtaifeng/mtpak/public/images//loadimg/d86cec89ed65a1fa475c4ea0868deaafbbf5c148.JPG
ERR: 无法加载模块:Public

[ 2016-05-26T17:46:26+08:00 ] ::1 /zhangtaifeng/mtpak/public/images//loadimg/e36dbf59490b55365f447d3e223e758898ccc1f8.JPG
ERR: 无法加载模块:Public

[ 2016-05-26T17:46:26+08:00 ] ::1 /zhangtaifeng/mtpak/public/images//loadimg/fe36f673982e7925a94aeb9d2d9916743ab73002.JPG
ERR: 无法加载模块:Public

[ 2016-05-26T17:46:26+08:00 ] ::1 /zhangtaifeng/mtpak/public/images//loadimg/cf9bc661178668616e94cd5cb8de563abbdf16e7.JPG
ERR: 无法加载模块:Public

[ 2016-05-26T17:46:26+08:00 ] ::1 /zhangtaifeng/mtpak/public/images//loadimg/9c551041d80f31065122ef072ac70fc991d9bba4.JPG
ERR: 无法加载模块:Public

[ 2016-05-26T17:46:26+08:00 ] ::1 /zhangtaifeng/mtpak/public/images//loadimg/6a4eb66f8c2f795c8214294e70dfae16a7a7ed11.JPG
ERR: 无法加载模块:Public

[ 2016-05-26T17:46:26+08:00 ] ::1 /zhangtaifeng/mtpak/public/images//loadimg/99af5b511394a8181b014b521abd8a348cd8083a.JPG
ERR: 无法加载模块:Public

[ 2016-05-26T17:46:26+08:00 ] ::1 /zhangtaifeng/mtpak/public/images//loadimg/88602800cc33f33c8836b3f38b8be0b82780cb3a.JPG
ERR: 无法加载模块:Public

[ 2016-05-26T17:46:26+08:00 ] ::1 /zhangtaifeng/mtpak/public/images//loadimg/e089a7e7e41c79ed83270bca75c95c2df827c187.JPG
ERR: 无法加载模块:Public

[ 2016-05-26T17:46:26+08:00 ] ::1 /zhangtaifeng/mtpak/public/images//loadimg/7117c16bcdfc4ab9d07ef83a9ab041bb45a7e47a.JPG
ERR: 无法加载模块:Public

[ 2016-05-26T17:48:40+08:00 ] ::1 /zhangtaifeng/mtpak/public/images//loadimg/d86cec89ed65a1fa475c4ea0868deaafbbf5c148.JPG
ERR: 无法加载模块:Public

[ 2016-05-26T17:48:40+08:00 ] ::1 /zhangtaifeng/mtpak/public/images//loadimg/fe36f673982e7925a94aeb9d2d9916743ab73002.JPG
ERR: 无法加载模块:Public

[ 2016-05-26T17:48:40+08:00 ] ::1 /zhangtaifeng/mtpak/public/images//loadimg/6863e26faa72d6ba2f055103a7d8345e96ff5898.JPG
ERR: 无法加载模块:Public

[ 2016-05-26T17:48:40+08:00 ] ::1 /zhangtaifeng/mtpak/public/images//loadimg/9c551041d80f31065122ef072ac70fc991d9bba4.JPG
ERR: 无法加载模块:Public

[ 2016-05-26T17:48:40+08:00 ] ::1 /zhangtaifeng/mtpak/public/images//loadimg/e36dbf59490b55365f447d3e223e758898ccc1f8.JPG
ERR: 无法加载模块:Public

[ 2016-05-26T17:48:40+08:00 ] ::1 /zhangtaifeng/mtpak/public/images//loadimg/cf9bc661178668616e94cd5cb8de563abbdf16e7.JPG
ERR: 无法加载模块:Public

[ 2016-05-26T17:48:40+08:00 ] ::1 /zhangtaifeng/mtpak/public/images//loadimg/7117c16bcdfc4ab9d07ef83a9ab041bb45a7e47a.JPG
ERR: 无法加载模块:Public

[ 2016-05-26T17:48:40+08:00 ] ::1 /zhangtaifeng/mtpak/public/images//loadimg/e089a7e7e41c79ed83270bca75c95c2df827c187.JPG
ERR: 无法加载模块:Public

[ 2016-05-26T17:48:40+08:00 ] ::1 /zhangtaifeng/mtpak/public/images//loadimg/6a4eb66f8c2f795c8214294e70dfae16a7a7ed11.JPG
ERR: 无法加载模块:Public

[ 2016-05-26T17:48:40+08:00 ] ::1 /zhangtaifeng/mtpak/public/images//loadimg/88602800cc33f33c8836b3f38b8be0b82780cb3a.JPG
ERR: 无法加载模块:Public

[ 2016-05-26T17:48:40+08:00 ] ::1 /zhangtaifeng/mtpak/public/images//loadimg/99af5b511394a8181b014b521abd8a348cd8083a.JPG
ERR: 无法加载模块:Public

[ 2016-05-26T17:48:41+08:00 ] ::1 /zhangtaifeng/mtpak/public/images//loadimg/e36dbf59490b55365f447d3e223e758898ccc1f8.JPG
ERR: 无法加载模块:Public

[ 2016-05-26T17:48:41+08:00 ] ::1 /zhangtaifeng/mtpak/public/images//loadimg/d86cec89ed65a1fa475c4ea0868deaafbbf5c148.JPG
ERR: 无法加载模块:Public

[ 2016-05-26T17:48:41+08:00 ] ::1 /zhangtaifeng/mtpak/public/images//loadimg/fe36f673982e7925a94aeb9d2d9916743ab73002.JPG
ERR: 无法加载模块:Public

[ 2016-05-26T17:48:41+08:00 ] ::1 /zhangtaifeng/mtpak/public/images//loadimg/9c551041d80f31065122ef072ac70fc991d9bba4.JPG
ERR: 无法加载模块:Public

[ 2016-05-26T17:48:41+08:00 ] ::1 /zhangtaifeng/mtpak/public/images//loadimg/cf9bc661178668616e94cd5cb8de563abbdf16e7.JPG
ERR: 无法加载模块:Public

[ 2016-05-26T17:48:41+08:00 ] ::1 /zhangtaifeng/mtpak/public/images//loadimg/6863e26faa72d6ba2f055103a7d8345e96ff5898.JPG
ERR: 无法加载模块:Public

[ 2016-05-26T17:48:41+08:00 ] ::1 /zhangtaifeng/mtpak/public/images//loadimg/88602800cc33f33c8836b3f38b8be0b82780cb3a.JPG
ERR: 无法加载模块:Public

[ 2016-05-26T17:48:41+08:00 ] ::1 /zhangtaifeng/mtpak/public/images//loadimg/6a4eb66f8c2f795c8214294e70dfae16a7a7ed11.JPG
ERR: 无法加载模块:Public

[ 2016-05-26T17:48:41+08:00 ] ::1 /zhangtaifeng/mtpak/public/images//loadimg/7117c16bcdfc4ab9d07ef83a9ab041bb45a7e47a.JPG
ERR: 无法加载模块:Public

[ 2016-05-26T17:48:41+08:00 ] ::1 /zhangtaifeng/mtpak/public/images//loadimg/e089a7e7e41c79ed83270bca75c95c2df827c187.JPG
ERR: 无法加载模块:Public

[ 2016-05-26T17:48:41+08:00 ] ::1 /zhangtaifeng/mtpak/public/images//loadimg/99af5b511394a8181b014b521abd8a348cd8083a.JPG
ERR: 无法加载模块:Public

[ 2016-05-26T17:48:43+08:00 ] ::1 /zhangtaifeng/mtpak/public/js/angular/angular.min.js.map
ERR: 无法加载模块:Public

[ 2016-05-26T17:48:44+08:00 ] ::1 /zhangtaifeng/mtpak/public/js/maps/swiper.jquery.min.js.map
ERR: 无法加载模块:Public

[ 2016-05-26T17:49:36+08:00 ] ::1 /zhangtaifeng/mtpak/public/images//loadimg/fe36f673982e7925a94aeb9d2d9916743ab73002.JPG
ERR: 无法加载模块:Public

[ 2016-05-26T17:49:36+08:00 ] ::1 /zhangtaifeng/mtpak/public/images//loadimg/9c551041d80f31065122ef072ac70fc991d9bba4.JPG
ERR: 无法加载模块:Public

[ 2016-05-26T17:49:36+08:00 ] ::1 /zhangtaifeng/mtpak/public/images//loadimg/6863e26faa72d6ba2f055103a7d8345e96ff5898.JPG
ERR: 无法加载模块:Public

[ 2016-05-26T17:49:36+08:00 ] ::1 /zhangtaifeng/mtpak/public/images//loadimg/e36dbf59490b55365f447d3e223e758898ccc1f8.JPG
ERR: 无法加载模块:Public

[ 2016-05-26T17:49:36+08:00 ] ::1 /zhangtaifeng/mtpak/public/images//loadimg/d86cec89ed65a1fa475c4ea0868deaafbbf5c148.JPG
ERR: 无法加载模块:Public

[ 2016-05-26T17:49:36+08:00 ] ::1 /zhangtaifeng/mtpak/public/images//loadimg/6a4eb66f8c2f795c8214294e70dfae16a7a7ed11.JPG
ERR: 无法加载模块:Public

[ 2016-05-26T17:49:36+08:00 ] ::1 /zhangtaifeng/mtpak/public/images//loadimg/cf9bc661178668616e94cd5cb8de563abbdf16e7.JPG
ERR: 无法加载模块:Public

[ 2016-05-26T17:49:36+08:00 ] ::1 /zhangtaifeng/mtpak/public/images//loadimg/99af5b511394a8181b014b521abd8a348cd8083a.JPG
ERR: 无法加载模块:Public

[ 2016-05-26T17:49:36+08:00 ] ::1 /zhangtaifeng/mtpak/public/images//loadimg/88602800cc33f33c8836b3f38b8be0b82780cb3a.JPG
ERR: 无法加载模块:Public

[ 2016-05-26T17:49:36+08:00 ] ::1 /zhangtaifeng/mtpak/public/images//loadimg/e089a7e7e41c79ed83270bca75c95c2df827c187.JPG
ERR: 无法加载模块:Public

[ 2016-05-26T17:49:36+08:00 ] ::1 /zhangtaifeng/mtpak/public/images//loadimg/7117c16bcdfc4ab9d07ef83a9ab041bb45a7e47a.JPG
ERR: 无法加载模块:Public

[ 2016-05-26T17:49:37+08:00 ] ::1 /zhangtaifeng/mtpak/public/js/angular/angular.min.js.map
ERR: 无法加载模块:Public

[ 2016-05-26T17:49:37+08:00 ] ::1 /zhangtaifeng/mtpak/public/js/maps/swiper.jquery.min.js.map
ERR: 无法加载模块:Public

[ 2016-05-26T17:50:03+08:00 ] ::1 /zhangtaifeng/mtpak/public/images//loadimg/fe36f673982e7925a94aeb9d2d9916743ab73002.JPG
ERR: 无法加载模块:Public

[ 2016-05-26T17:50:03+08:00 ] ::1 /zhangtaifeng/mtpak/public/images//loadimg/9c551041d80f31065122ef072ac70fc991d9bba4.JPG
ERR: 无法加载模块:Public

[ 2016-05-26T17:50:03+08:00 ] ::1 /zhangtaifeng/mtpak/public/images//loadimg/6863e26faa72d6ba2f055103a7d8345e96ff5898.JPG
ERR: 无法加载模块:Public

[ 2016-05-26T17:50:03+08:00 ] ::1 /zhangtaifeng/mtpak/public/images//loadimg/d86cec89ed65a1fa475c4ea0868deaafbbf5c148.JPG
ERR: 无法加载模块:Public

[ 2016-05-26T17:50:03+08:00 ] ::1 /zhangtaifeng/mtpak/public/images//loadimg/cf9bc661178668616e94cd5cb8de563abbdf16e7.JPG
ERR: 无法加载模块:Public

[ 2016-05-26T17:50:03+08:00 ] ::1 /zhangtaifeng/mtpak/public/images//loadimg/e36dbf59490b55365f447d3e223e758898ccc1f8.JPG
ERR: 无法加载模块:Public

[ 2016-05-26T17:50:03+08:00 ] ::1 /zhangtaifeng/mtpak/public/images//loadimg/6a4eb66f8c2f795c8214294e70dfae16a7a7ed11.JPG
ERR: 无法加载模块:Public

[ 2016-05-26T17:50:03+08:00 ] ::1 /zhangtaifeng/mtpak/public/images//loadimg/88602800cc33f33c8836b3f38b8be0b82780cb3a.JPG
ERR: 无法加载模块:Public

[ 2016-05-26T17:50:03+08:00 ] ::1 /zhangtaifeng/mtpak/public/images//loadimg/7117c16bcdfc4ab9d07ef83a9ab041bb45a7e47a.JPG
ERR: 无法加载模块:Public

[ 2016-05-26T17:50:03+08:00 ] ::1 /zhangtaifeng/mtpak/public/images//loadimg/99af5b511394a8181b014b521abd8a348cd8083a.JPG
ERR: 无法加载模块:Public

[ 2016-05-26T17:50:03+08:00 ] ::1 /zhangtaifeng/mtpak/public/js/angular/angular.min.js.map
ERR: 无法加载模块:Public

[ 2016-05-26T17:50:03+08:00 ] ::1 /zhangtaifeng/mtpak/public/js/maps/swiper.jquery.min.js.map
ERR: 无法加载模块:Public

[ 2016-05-26T17:50:49+08:00 ] ::1 /zhangtaifeng/mtpak/public/images//loadimg/6863e26faa72d6ba2f055103a7d8345e96ff5898.JPG
ERR: 无法加载模块:Public

[ 2016-05-26T17:50:49+08:00 ] ::1 /zhangtaifeng/mtpak/public/images//loadimg/cf9bc661178668616e94cd5cb8de563abbdf16e7.JPG
ERR: 无法加载模块:Public

[ 2016-05-26T17:50:49+08:00 ] ::1 /zhangtaifeng/mtpak/public/images//loadimg/9c551041d80f31065122ef072ac70fc991d9bba4.JPG
ERR: 无法加载模块:Public

[ 2016-05-26T17:50:49+08:00 ] ::1 /zhangtaifeng/mtpak/public/images//loadimg/e36dbf59490b55365f447d3e223e758898ccc1f8.JPG
ERR: 无法加载模块:Public

[ 2016-05-26T17:50:49+08:00 ] ::1 /zhangtaifeng/mtpak/public/images//loadimg/fe36f673982e7925a94aeb9d2d9916743ab73002.JPG
ERR: 无法加载模块:Public

[ 2016-05-26T17:50:49+08:00 ] ::1 /zhangtaifeng/mtpak/public/images//loadimg/88602800cc33f33c8836b3f38b8be0b82780cb3a.JPG
ERR: 无法加载模块:Public

[ 2016-05-26T17:50:49+08:00 ] ::1 /zhangtaifeng/mtpak/public/images//loadimg/99af5b511394a8181b014b521abd8a348cd8083a.JPG
ERR: 无法加载模块:Public

[ 2016-05-26T17:50:49+08:00 ] ::1 /zhangtaifeng/mtpak/public/images//loadimg/d86cec89ed65a1fa475c4ea0868deaafbbf5c148.JPG
ERR: 无法加载模块:Public

[ 2016-05-26T17:50:49+08:00 ] ::1 /zhangtaifeng/mtpak/public/images//loadimg/e089a7e7e41c79ed83270bca75c95c2df827c187.JPG
ERR: 无法加载模块:Public

[ 2016-05-26T17:50:49+08:00 ] ::1 /zhangtaifeng/mtpak/public/images//loadimg/7117c16bcdfc4ab9d07ef83a9ab041bb45a7e47a.JPG
ERR: 无法加载模块:Public

[ 2016-05-26T18:00:48+08:00 ] ::1 /zhangtaifeng/mtpak/public/images//loadimg/fe36f673982e7925a94aeb9d2d9916743ab73002.JPG
ERR: 无法加载模块:Public

[ 2016-05-26T18:00:48+08:00 ] ::1 /zhangtaifeng/mtpak/public/images//loadimg/6863e26faa72d6ba2f055103a7d8345e96ff5898.JPG
ERR: 无法加载模块:Public

[ 2016-05-26T18:00:48+08:00 ] ::1 /zhangtaifeng/mtpak/public/images//loadimg/e36dbf59490b55365f447d3e223e758898ccc1f8.JPG
ERR: 无法加载模块:Public

[ 2016-05-26T18:00:48+08:00 ] ::1 /zhangtaifeng/mtpak/public/images//loadimg/9c551041d80f31065122ef072ac70fc991d9bba4.JPG
ERR: 无法加载模块:Public

[ 2016-05-26T18:00:48+08:00 ] ::1 /zhangtaifeng/mtpak/public/images//loadimg/cf9bc661178668616e94cd5cb8de563abbdf16e7.JPG
ERR: 无法加载模块:Public

[ 2016-05-26T18:00:48+08:00 ] ::1 /zhangtaifeng/mtpak/public/images//loadimg/6a4eb66f8c2f795c8214294e70dfae16a7a7ed11.JPG
ERR: 无法加载模块:Public

[ 2016-05-26T18:00:48+08:00 ] ::1 /zhangtaifeng/mtpak/public/images//loadimg/88602800cc33f33c8836b3f38b8be0b82780cb3a.JPG
ERR: 无法加载模块:Public

[ 2016-05-26T18:00:48+08:00 ] ::1 /zhangtaifeng/mtpak/public/images//loadimg/e089a7e7e41c79ed83270bca75c95c2df827c187.JPG
ERR: 无法加载模块:Public

[ 2016-05-26T18:00:48+08:00 ] ::1 /zhangtaifeng/mtpak/public/images//loadimg/d86cec89ed65a1fa475c4ea0868deaafbbf5c148.JPG
ERR: 无法加载模块:Public

[ 2016-05-26T18:00:48+08:00 ] ::1 /zhangtaifeng/mtpak/public/images//loadimg/7117c16bcdfc4ab9d07ef83a9ab041bb45a7e47a.JPG
ERR: 无法加载模块:Public

[ 2016-05-26T18:00:48+08:00 ] ::1 /zhangtaifeng/mtpak/public/images//loadimg/fe36f673982e7925a94aeb9d2d9916743ab73002.JPG
ERR: 无法加载模块:Public

[ 2016-05-26T18:00:48+08:00 ] ::1 /zhangtaifeng/mtpak/public/images//loadimg/9c551041d80f31065122ef072ac70fc991d9bba4.JPG
ERR: 无法加载模块:Public

[ 2016-05-26T18:00:48+08:00 ] ::1 /zhangtaifeng/mtpak/public/images//loadimg/6863e26faa72d6ba2f055103a7d8345e96ff5898.JPG
ERR: 无法加载模块:Public

[ 2016-05-26T18:00:48+08:00 ] ::1 /zhangtaifeng/mtpak/public/images//loadimg/e36dbf59490b55365f447d3e223e758898ccc1f8.JPG
ERR: 无法加载模块:Public

[ 2016-05-26T18:00:48+08:00 ] ::1 /zhangtaifeng/mtpak/public/images//loadimg/cf9bc661178668616e94cd5cb8de563abbdf16e7.JPG
ERR: 无法加载模块:Public

[ 2016-05-26T18:00:48+08:00 ] ::1 /zhangtaifeng/mtpak/public/images//loadimg/88602800cc33f33c8836b3f38b8be0b82780cb3a.JPG
ERR: 无法加载模块:Public

[ 2016-05-26T18:00:48+08:00 ] ::1 /zhangtaifeng/mtpak/public/images//loadimg/99af5b511394a8181b014b521abd8a348cd8083a.JPG
ERR: 无法加载模块:Public

[ 2016-05-26T18:00:48+08:00 ] ::1 /zhangtaifeng/mtpak/public/images//loadimg/6a4eb66f8c2f795c8214294e70dfae16a7a7ed11.JPG
ERR: 无法加载模块:Public

[ 2016-05-26T18:00:48+08:00 ] ::1 /zhangtaifeng/mtpak/public/images//loadimg/e089a7e7e41c79ed83270bca75c95c2df827c187.JPG
ERR: 无法加载模块:Public

[ 2016-05-26T18:00:48+08:00 ] ::1 /zhangtaifeng/mtpak/public/images//loadimg/7117c16bcdfc4ab9d07ef83a9ab041bb45a7e47a.JPG
ERR: 无法加载模块:Public

[ 2016-05-26T18:00:48+08:00 ] ::1 /zhangtaifeng/mtpak/public/images//loadimg/d86cec89ed65a1fa475c4ea0868deaafbbf5c148.JPG
ERR: 无法加载模块:Public

[ 2016-05-26T18:01:05+08:00 ] ::1 /zhangtaifeng/mtpak/public/images//loadimg/fe36f673982e7925a94aeb9d2d9916743ab73002.JPG
ERR: 无法加载模块:Public

[ 2016-05-26T18:01:05+08:00 ] ::1 /zhangtaifeng/mtpak/public/images//loadimg/e36dbf59490b55365f447d3e223e758898ccc1f8.JPG
ERR: 无法加载模块:Public

[ 2016-05-26T18:01:05+08:00 ] ::1 /zhangtaifeng/mtpak/public/images//loadimg/6863e26faa72d6ba2f055103a7d8345e96ff5898.JPG
ERR: 无法加载模块:Public

[ 2016-05-26T18:01:05+08:00 ] ::1 /zhangtaifeng/mtpak/public/images//loadimg/cf9bc661178668616e94cd5cb8de563abbdf16e7.JPG
ERR: 无法加载模块:Public

[ 2016-05-26T18:01:05+08:00 ] ::1 /zhangtaifeng/mtpak/public/images//loadimg/d86cec89ed65a1fa475c4ea0868deaafbbf5c148.JPG
ERR: 无法加载模块:Public

[ 2016-05-26T18:01:05+08:00 ] ::1 /zhangtaifeng/mtpak/public/images//loadimg/9c551041d80f31065122ef072ac70fc991d9bba4.JPG
ERR: 无法加载模块:Public

[ 2016-05-26T18:01:05+08:00 ] ::1 /zhangtaifeng/mtpak/public/images//loadimg/6a4eb66f8c2f795c8214294e70dfae16a7a7ed11.JPG
ERR: 无法加载模块:Public

[ 2016-05-26T18:01:05+08:00 ] ::1 /zhangtaifeng/mtpak/public/images//loadimg/88602800cc33f33c8836b3f38b8be0b82780cb3a.JPG
ERR: 无法加载模块:Public

[ 2016-05-26T18:01:05+08:00 ] ::1 /zhangtaifeng/mtpak/public/images//loadimg/99af5b511394a8181b014b521abd8a348cd8083a.JPG
ERR: 无法加载模块:Public

[ 2016-05-26T18:01:05+08:00 ] ::1 /zhangtaifeng/mtpak/public/images//loadimg/e089a7e7e41c79ed83270bca75c95c2df827c187.JPG
ERR: 无法加载模块:Public

[ 2016-05-26T18:01:05+08:00 ] ::1 /zhangtaifeng/mtpak/public/images//loadimg/7117c16bcdfc4ab9d07ef83a9ab041bb45a7e47a.JPG
ERR: 无法加载模块:Public

[ 2016-05-26T18:01:05+08:00 ] ::1 /zhangtaifeng/mtpak/public/images//loadimg/9c551041d80f31065122ef072ac70fc991d9bba4.JPG
ERR: 无法加载模块:Public

[ 2016-05-26T18:01:05+08:00 ] ::1 /zhangtaifeng/mtpak/public/images//loadimg/fe36f673982e7925a94aeb9d2d9916743ab73002.JPG
ERR: 无法加载模块:Public

[ 2016-05-26T18:01:05+08:00 ] ::1 /zhangtaifeng/mtpak/public/images//loadimg/6863e26faa72d6ba2f055103a7d8345e96ff5898.JPG
ERR: 无法加载模块:Public

[ 2016-05-26T18:01:05+08:00 ] ::1 /zhangtaifeng/mtpak/public/images//loadimg/e36dbf59490b55365f447d3e223e758898ccc1f8.JPG
ERR: 无法加载模块:Public

[ 2016-05-26T18:01:05+08:00 ] ::1 /zhangtaifeng/mtpak/public/images//loadimg/d86cec89ed65a1fa475c4ea0868deaafbbf5c148.JPG
ERR: 无法加载模块:Public

[ 2016-05-26T18:01:05+08:00 ] ::1 /zhangtaifeng/mtpak/public/images//loadimg/cf9bc661178668616e94cd5cb8de563abbdf16e7.JPG
ERR: 无法加载模块:Public

[ 2016-05-26T18:01:05+08:00 ] ::1 /zhangtaifeng/mtpak/public/images//loadimg/6a4eb66f8c2f795c8214294e70dfae16a7a7ed11.JPG
ERR: 无法加载模块:Public

[ 2016-05-26T18:01:05+08:00 ] ::1 /zhangtaifeng/mtpak/public/images//loadimg/88602800cc33f33c8836b3f38b8be0b82780cb3a.JPG
ERR: 无法加载模块:Public

[ 2016-05-26T18:01:05+08:00 ] ::1 /zhangtaifeng/mtpak/public/images//loadimg/99af5b511394a8181b014b521abd8a348cd8083a.JPG
ERR: 无法加载模块:Public

[ 2016-05-26T18:01:05+08:00 ] ::1 /zhangtaifeng/mtpak/public/images//loadimg/7117c16bcdfc4ab9d07ef83a9ab041bb45a7e47a.JPG
ERR: 无法加载模块:Public

[ 2016-05-26T18:01:05+08:00 ] ::1 /zhangtaifeng/mtpak/public/images//loadimg/e089a7e7e41c79ed83270bca75c95c2df827c187.JPG
ERR: 无法加载模块:Public

[ 2016-05-26T18:01:21+08:00 ] ::1 /zhangtaifeng/mtpak/public/images//loadimg/e36dbf59490b55365f447d3e223e758898ccc1f8.JPG
ERR: 无法加载模块:Public

[ 2016-05-26T18:01:21+08:00 ] ::1 /zhangtaifeng/mtpak/public/images//loadimg/fe36f673982e7925a94aeb9d2d9916743ab73002.JPG
ERR: 无法加载模块:Public

[ 2016-05-26T18:01:21+08:00 ] ::1 /zhangtaifeng/mtpak/public/images//loadimg/6863e26faa72d6ba2f055103a7d8345e96ff5898.JPG
ERR: 无法加载模块:Public

[ 2016-05-26T18:01:21+08:00 ] ::1 /zhangtaifeng/mtpak/public/images//loadimg/9c551041d80f31065122ef072ac70fc991d9bba4.JPG
ERR: 无法加载模块:Public

[ 2016-05-26T18:01:21+08:00 ] ::1 /zhangtaifeng/mtpak/public/images//loadimg/6a4eb66f8c2f795c8214294e70dfae16a7a7ed11.JPG
ERR: 无法加载模块:Public

[ 2016-05-26T18:01:21+08:00 ] ::1 /zhangtaifeng/mtpak/public/images//loadimg/cf9bc661178668616e94cd5cb8de563abbdf16e7.JPG
ERR: 无法加载模块:Public

[ 2016-05-26T18:01:21+08:00 ] ::1 /zhangtaifeng/mtpak/public/images//loadimg/d86cec89ed65a1fa475c4ea0868deaafbbf5c148.JPG
ERR: 无法加载模块:Public

[ 2016-05-26T18:01:21+08:00 ] ::1 /zhangtaifeng/mtpak/public/images//loadimg/88602800cc33f33c8836b3f38b8be0b82780cb3a.JPG
ERR: 无法加载模块:Public

[ 2016-05-26T18:01:21+08:00 ] ::1 /zhangtaifeng/mtpak/public/images//loadimg/99af5b511394a8181b014b521abd8a348cd8083a.JPG
ERR: 无法加载模块:Public

[ 2016-05-26T18:01:21+08:00 ] ::1 /zhangtaifeng/mtpak/public/images//loadimg/7117c16bcdfc4ab9d07ef83a9ab041bb45a7e47a.JPG
ERR: 无法加载模块:Public

[ 2016-05-26T18:01:21+08:00 ] ::1 /zhangtaifeng/mtpak/public/images//loadimg/e089a7e7e41c79ed83270bca75c95c2df827c187.JPG
ERR: 无法加载模块:Public

[ 2016-05-26T18:01:21+08:00 ] ::1 /zhangtaifeng/mtpak/public/images//loadimg/fe36f673982e7925a94aeb9d2d9916743ab73002.JPG
ERR: 无法加载模块:Public

[ 2016-05-26T18:01:21+08:00 ] ::1 /zhangtaifeng/mtpak/public/images//loadimg/d86cec89ed65a1fa475c4ea0868deaafbbf5c148.JPG
ERR: 无法加载模块:Public

[ 2016-05-26T18:01:21+08:00 ] ::1 /zhangtaifeng/mtpak/public/images//loadimg/9c551041d80f31065122ef072ac70fc991d9bba4.JPG
ERR: 无法加载模块:Public

[ 2016-05-26T18:01:21+08:00 ] ::1 /zhangtaifeng/mtpak/public/images//loadimg/e36dbf59490b55365f447d3e223e758898ccc1f8.JPG
ERR: 无法加载模块:Public

[ 2016-05-26T18:01:21+08:00 ] ::1 /zhangtaifeng/mtpak/public/images//loadimg/88602800cc33f33c8836b3f38b8be0b82780cb3a.JPG
ERR: 无法加载模块:Public

[ 2016-05-26T18:01:21+08:00 ] ::1 /zhangtaifeng/mtpak/public/images//loadimg/99af5b511394a8181b014b521abd8a348cd8083a.JPG
ERR: 无法加载模块:Public

[ 2016-05-26T18:01:21+08:00 ] ::1 /zhangtaifeng/mtpak/public/images//loadimg/cf9bc661178668616e94cd5cb8de563abbdf16e7.JPG
ERR: 无法加载模块:Public

[ 2016-05-26T18:01:21+08:00 ] ::1 /zhangtaifeng/mtpak/public/images//loadimg/6863e26faa72d6ba2f055103a7d8345e96ff5898.JPG
ERR: 无法加载模块:Public

[ 2016-05-26T18:01:21+08:00 ] ::1 /zhangtaifeng/mtpak/public/images//loadimg/e089a7e7e41c79ed83270bca75c95c2df827c187.JPG
ERR: 无法加载模块:Public

[ 2016-05-26T18:01:21+08:00 ] ::1 /zhangtaifeng/mtpak/public/images//loadimg/7117c16bcdfc4ab9d07ef83a9ab041bb45a7e47a.JPG
ERR: 无法加载模块:Public

[ 2016-05-26T18:01:21+08:00 ] ::1 /zhangtaifeng/mtpak/public/images//loadimg/6a4eb66f8c2f795c8214294e70dfae16a7a7ed11.JPG
ERR: 无法加载模块:Public

[ 2016-05-26T18:03:03+08:00 ] ::1 /zhangtaifeng/mtpak/public/images//loadimg/9c551041d80f31065122ef072ac70fc991d9bba4.JPG
ERR: 无法加载模块:Public

[ 2016-05-26T18:03:03+08:00 ] ::1 /zhangtaifeng/mtpak/public/images//loadimg/6863e26faa72d6ba2f055103a7d8345e96ff5898.JPG
ERR: 无法加载模块:Public

[ 2016-05-26T18:03:03+08:00 ] ::1 /zhangtaifeng/mtpak/public/images//loadimg/fe36f673982e7925a94aeb9d2d9916743ab73002.JPG
ERR: 无法加载模块:Public

[ 2016-05-26T18:03:03+08:00 ] ::1 /zhangtaifeng/mtpak/public/images//loadimg/d86cec89ed65a1fa475c4ea0868deaafbbf5c148.JPG
ERR: 无法加载模块:Public

[ 2016-05-26T18:03:03+08:00 ] ::1 /zhangtaifeng/mtpak/public/images//loadimg/6a4eb66f8c2f795c8214294e70dfae16a7a7ed11.JPG
ERR: 无法加载模块:Public

[ 2016-05-26T18:03:03+08:00 ] ::1 /zhangtaifeng/mtpak/public/images//loadimg/cf9bc661178668616e94cd5cb8de563abbdf16e7.JPG
ERR: 无法加载模块:Public

[ 2016-05-26T18:03:03+08:00 ] ::1 /zhangtaifeng/mtpak/public/images//loadimg/e36dbf59490b55365f447d3e223e758898ccc1f8.JPG
ERR: 无法加载模块:Public

[ 2016-05-26T18:03:03+08:00 ] ::1 /zhangtaifeng/mtpak/public/images//loadimg/99af5b511394a8181b014b521abd8a348cd8083a.JPG
ERR: 无法加载模块:Public

[ 2016-05-26T18:03:03+08:00 ] ::1 /zhangtaifeng/mtpak/public/images//loadimg/88602800cc33f33c8836b3f38b8be0b82780cb3a.JPG
ERR: 无法加载模块:Public

[ 2016-05-26T18:03:03+08:00 ] ::1 /zhangtaifeng/mtpak/public/images//loadimg/e089a7e7e41c79ed83270bca75c95c2df827c187.JPG
ERR: 无法加载模块:Public

[ 2016-05-26T18:03:03+08:00 ] ::1 /zhangtaifeng/mtpak/public/images//loadimg/7117c16bcdfc4ab9d07ef83a9ab041bb45a7e47a.JPG
ERR: 无法加载模块:Public

[ 2016-05-26T18:03:03+08:00 ] ::1 /zhangtaifeng/mtpak/public/images//loadimg/fe36f673982e7925a94aeb9d2d9916743ab73002.JPG
ERR: 无法加载模块:Public

[ 2016-05-26T18:03:03+08:00 ] ::1 /zhangtaifeng/mtpak/public/images//loadimg/9c551041d80f31065122ef072ac70fc991d9bba4.JPG
ERR: 无法加载模块:Public

[ 2016-05-26T18:03:03+08:00 ] ::1 /zhangtaifeng/mtpak/public/images//loadimg/6863e26faa72d6ba2f055103a7d8345e96ff5898.JPG
ERR: 无法加载模块:Public

[ 2016-05-26T18:03:03+08:00 ] ::1 /zhangtaifeng/mtpak/public/images//loadimg/e36dbf59490b55365f447d3e223e758898ccc1f8.JPG
ERR: 无法加载模块:Public

[ 2016-05-26T18:03:03+08:00 ] ::1 /zhangtaifeng/mtpak/public/images//loadimg/d86cec89ed65a1fa475c4ea0868deaafbbf5c148.JPG
ERR: 无法加载模块:Public

[ 2016-05-26T18:03:03+08:00 ] ::1 /zhangtaifeng/mtpak/public/images//loadimg/cf9bc661178668616e94cd5cb8de563abbdf16e7.JPG
ERR: 无法加载模块:Public

[ 2016-05-26T18:03:03+08:00 ] ::1 /zhangtaifeng/mtpak/public/images//loadimg/6a4eb66f8c2f795c8214294e70dfae16a7a7ed11.JPG
ERR: 无法加载模块:Public

[ 2016-05-26T18:03:03+08:00 ] ::1 /zhangtaifeng/mtpak/public/images//loadimg/88602800cc33f33c8836b3f38b8be0b82780cb3a.JPG
ERR: 无法加载模块:Public

[ 2016-05-26T18:03:03+08:00 ] ::1 /zhangtaifeng/mtpak/public/images//loadimg/99af5b511394a8181b014b521abd8a348cd8083a.JPG
ERR: 无法加载模块:Public

[ 2016-05-26T18:03:03+08:00 ] ::1 /zhangtaifeng/mtpak/public/images//loadimg/e089a7e7e41c79ed83270bca75c95c2df827c187.JPG
ERR: 无法加载模块:Public

[ 2016-05-26T18:03:03+08:00 ] ::1 /zhangtaifeng/mtpak/public/images//loadimg/7117c16bcdfc4ab9d07ef83a9ab041bb45a7e47a.JPG
ERR: 无法加载模块:Public

[ 2016-05-26T18:05:24+08:00 ] ::1 /zhangtaifeng/mtpak/public/images//loadimg/6863e26faa72d6ba2f055103a7d8345e96ff5898.JPG
ERR: 无法加载模块:Public

[ 2016-05-26T18:05:24+08:00 ] ::1 /zhangtaifeng/mtpak/public/images//loadimg/fe36f673982e7925a94aeb9d2d9916743ab73002.JPG
ERR: 无法加载模块:Public

[ 2016-05-26T18:05:24+08:00 ] ::1 /zhangtaifeng/mtpak/public/images//loadimg/e36dbf59490b55365f447d3e223e758898ccc1f8.JPG
ERR: 无法加载模块:Public

[ 2016-05-26T18:05:24+08:00 ] ::1 /zhangtaifeng/mtpak/public/images//loadimg/d86cec89ed65a1fa475c4ea0868deaafbbf5c148.JPG
ERR: 无法加载模块:Public

[ 2016-05-26T18:05:24+08:00 ] ::1 /zhangtaifeng/mtpak/public/images//loadimg/cf9bc661178668616e94cd5cb8de563abbdf16e7.JPG
ERR: 无法加载模块:Public

[ 2016-05-26T18:05:24+08:00 ] ::1 /zhangtaifeng/mtpak/public/images//loadimg/6a4eb66f8c2f795c8214294e70dfae16a7a7ed11.JPG
ERR: 无法加载模块:Public

[ 2016-05-26T18:05:24+08:00 ] ::1 /zhangtaifeng/mtpak/public/images//loadimg/88602800cc33f33c8836b3f38b8be0b82780cb3a.JPG
ERR: 无法加载模块:Public

[ 2016-05-26T18:05:24+08:00 ] ::1 /zhangtaifeng/mtpak/public/images//loadimg/99af5b511394a8181b014b521abd8a348cd8083a.JPG
ERR: 无法加载模块:Public

[ 2016-05-26T18:05:24+08:00 ] ::1 /zhangtaifeng/mtpak/public/images//loadimg/e089a7e7e41c79ed83270bca75c95c2df827c187.JPG
ERR: 无法加载模块:Public

[ 2016-05-26T18:05:24+08:00 ] ::1 /zhangtaifeng/mtpak/public/images//loadimg/7117c16bcdfc4ab9d07ef83a9ab041bb45a7e47a.JPG
ERR: 无法加载模块:Public

[ 2016-05-26T18:05:24+08:00 ] ::1 /zhangtaifeng/mtpak/public/images//loadimg/fe36f673982e7925a94aeb9d2d9916743ab73002.JPG
ERR: 无法加载模块:Public

[ 2016-05-26T18:05:24+08:00 ] ::1 /zhangtaifeng/mtpak/public/images//loadimg/9c551041d80f31065122ef072ac70fc991d9bba4.JPG
ERR: 无法加载模块:Public

[ 2016-05-26T18:05:24+08:00 ] ::1 /zhangtaifeng/mtpak/public/images//loadimg/e36dbf59490b55365f447d3e223e758898ccc1f8.JPG
ERR: 无法加载模块:Public

[ 2016-05-26T18:05:24+08:00 ] ::1 /zhangtaifeng/mtpak/public/images//loadimg/6863e26faa72d6ba2f055103a7d8345e96ff5898.JPG
ERR: 无法加载模块:Public

[ 2016-05-26T18:05:24+08:00 ] ::1 /zhangtaifeng/mtpak/public/images//loadimg/d86cec89ed65a1fa475c4ea0868deaafbbf5c148.JPG
ERR: 无法加载模块:Public

[ 2016-05-26T18:05:24+08:00 ] ::1 /zhangtaifeng/mtpak/public/images//loadimg/88602800cc33f33c8836b3f38b8be0b82780cb3a.JPG
ERR: 无法加载模块:Public

[ 2016-05-26T18:05:24+08:00 ] ::1 /zhangtaifeng/mtpak/public/images//loadimg/6a4eb66f8c2f795c8214294e70dfae16a7a7ed11.JPG
ERR: 无法加载模块:Public

[ 2016-05-26T18:05:24+08:00 ] ::1 /zhangtaifeng/mtpak/public/images//loadimg/e089a7e7e41c79ed83270bca75c95c2df827c187.JPG
ERR: 无法加载模块:Public

[ 2016-05-26T18:05:24+08:00 ] ::1 /zhangtaifeng/mtpak/public/images//loadimg/cf9bc661178668616e94cd5cb8de563abbdf16e7.JPG
ERR: 无法加载模块:Public

[ 2016-05-26T18:05:24+08:00 ] ::1 /zhangtaifeng/mtpak/public/images//loadimg/7117c16bcdfc4ab9d07ef83a9ab041bb45a7e47a.JPG
ERR: 无法加载模块:Public

[ 2016-05-26T18:05:24+08:00 ] ::1 /zhangtaifeng/mtpak/public/images//loadimg/99af5b511394a8181b014b521abd8a348cd8083a.JPG
ERR: 无法加载模块:Public

[ 2016-05-26T18:05:47+08:00 ] ::1 /zhangtaifeng/mtpak/public/images//loadimg/fe36f673982e7925a94aeb9d2d9916743ab73002.JPG
ERR: 无法加载模块:Public

[ 2016-05-26T18:05:47+08:00 ] ::1 /zhangtaifeng/mtpak/public/images//loadimg/9c551041d80f31065122ef072ac70fc991d9bba4.JPG
ERR: 无法加载模块:Public

[ 2016-05-26T18:05:47+08:00 ] ::1 /zhangtaifeng/mtpak/public/images//loadimg/6863e26faa72d6ba2f055103a7d8345e96ff5898.JPG
ERR: 无法加载模块:Public

[ 2016-05-26T18:05:47+08:00 ] ::1 /zhangtaifeng/mtpak/public/images//loadimg/e36dbf59490b55365f447d3e223e758898ccc1f8.JPG
ERR: 无法加载模块:Public

[ 2016-05-26T18:05:47+08:00 ] ::1 /zhangtaifeng/mtpak/public/images//loadimg/cf9bc661178668616e94cd5cb8de563abbdf16e7.JPG
ERR: 无法加载模块:Public

[ 2016-05-26T18:05:47+08:00 ] ::1 /zhangtaifeng/mtpak/public/images//loadimg/6a4eb66f8c2f795c8214294e70dfae16a7a7ed11.JPG
ERR: 无法加载模块:Public

[ 2016-05-26T18:05:47+08:00 ] ::1 /zhangtaifeng/mtpak/public/images//loadimg/d86cec89ed65a1fa475c4ea0868deaafbbf5c148.JPG
ERR: 无法加载模块:Public

[ 2016-05-26T18:05:47+08:00 ] ::1 /zhangtaifeng/mtpak/public/images//loadimg/88602800cc33f33c8836b3f38b8be0b82780cb3a.JPG
ERR: 无法加载模块:Public

[ 2016-05-26T18:05:47+08:00 ] ::1 /zhangtaifeng/mtpak/public/images//loadimg/99af5b511394a8181b014b521abd8a348cd8083a.JPG
ERR: 无法加载模块:Public

[ 2016-05-26T18:05:47+08:00 ] ::1 /zhangtaifeng/mtpak/public/images//loadimg/e089a7e7e41c79ed83270bca75c95c2df827c187.JPG
ERR: 无法加载模块:Public

[ 2016-05-26T18:05:47+08:00 ] ::1 /zhangtaifeng/mtpak/public/images//loadimg/7117c16bcdfc4ab9d07ef83a9ab041bb45a7e47a.JPG
ERR: 无法加载模块:Public

[ 2016-05-26T18:05:48+08:00 ] ::1 /zhangtaifeng/mtpak/public/images//loadimg/fe36f673982e7925a94aeb9d2d9916743ab73002.JPG
ERR: 无法加载模块:Public

[ 2016-05-26T18:05:48+08:00 ] ::1 /zhangtaifeng/mtpak/public/images//loadimg/9c551041d80f31065122ef072ac70fc991d9bba4.JPG
ERR: 无法加载模块:Public

[ 2016-05-26T18:05:48+08:00 ] ::1 /zhangtaifeng/mtpak/public/images//loadimg/6863e26faa72d6ba2f055103a7d8345e96ff5898.JPG
ERR: 无法加载模块:Public

[ 2016-05-26T18:05:48+08:00 ] ::1 /zhangtaifeng/mtpak/public/images//loadimg/e36dbf59490b55365f447d3e223e758898ccc1f8.JPG
ERR: 无法加载模块:Public

[ 2016-05-26T18:05:48+08:00 ] ::1 /zhangtaifeng/mtpak/public/images//loadimg/d86cec89ed65a1fa475c4ea0868deaafbbf5c148.JPG
ERR: 无法加载模块:Public

[ 2016-05-26T18:05:48+08:00 ] ::1 /zhangtaifeng/mtpak/public/images//loadimg/cf9bc661178668616e94cd5cb8de563abbdf16e7.JPG
ERR: 无法加载模块:Public

[ 2016-05-26T18:05:48+08:00 ] ::1 /zhangtaifeng/mtpak/public/images//loadimg/6a4eb66f8c2f795c8214294e70dfae16a7a7ed11.JPG
ERR: 无法加载模块:Public

[ 2016-05-26T18:05:48+08:00 ] ::1 /zhangtaifeng/mtpak/public/images//loadimg/88602800cc33f33c8836b3f38b8be0b82780cb3a.JPG
ERR: 无法加载模块:Public

[ 2016-05-26T18:05:48+08:00 ] ::1 /zhangtaifeng/mtpak/public/images//loadimg/e089a7e7e41c79ed83270bca75c95c2df827c187.JPG
ERR: 无法加载模块:Public

[ 2016-05-26T18:05:48+08:00 ] ::1 /zhangtaifeng/mtpak/public/images//loadimg/99af5b511394a8181b014b521abd8a348cd8083a.JPG
ERR: 无法加载模块:Public

[ 2016-05-26T18:05:48+08:00 ] ::1 /zhangtaifeng/mtpak/public/images//loadimg/7117c16bcdfc4ab9d07ef83a9ab041bb45a7e47a.JPG
ERR: 无法加载模块:Public

